2019-06-11 08:38:07,559 INFO o.a.j.u.JMeterUtils: Setting Locale to zh_CN
2019-06-11 08:38:07,583 INFO o.a.j.JMeter: Loading user properties from: /home/battlecall/apache-jmeter-5.1.1/bin/user.properties
2019-06-11 08:38:07,584 INFO o.a.j.JMeter: Loading system properties from: /home/battlecall/apache-jmeter-5.1.1/bin/system.properties
2019-06-11 08:38:07,589 INFO o.a.j.JMeter: Copyright (c) 1998-2019 The Apache Software Foundation
2019-06-11 08:38:07,590 INFO o.a.j.JMeter: Version 5.1.1 r1855137
2019-06-11 08:38:07,590 INFO o.a.j.JMeter: java.version=1.8.0_211
2019-06-11 08:38:07,590 INFO o.a.j.JMeter: java.vm.name=Java HotSpot(TM) 64-Bit Server VM
2019-06-11 08:38:07,590 INFO o.a.j.JMeter: os.name=Linux
2019-06-11 08:38:07,590 INFO o.a.j.JMeter: os.arch=amd64
2019-06-11 08:38:07,590 INFO o.a.j.JMeter: os.version=4.18.0-21-generic
2019-06-11 08:38:07,590 INFO o.a.j.JMeter: file.encoding=UTF-8
2019-06-11 08:38:07,590 INFO o.a.j.JMeter: java.awt.headless=null
2019-06-11 08:38:07,590 INFO o.a.j.JMeter: Max memory     =1793589248
2019-06-11 08:38:07,590 INFO o.a.j.JMeter: Available Processors =4
2019-06-11 08:38:07,598 INFO o.a.j.JMeter: Default Locale=中文 (中国)
2019-06-11 08:38:07,598 INFO o.a.j.JMeter: JMeter  Locale=中文 (中国)
2019-06-11 08:38:07,599 INFO o.a.j.JMeter: JMeterHome=/home/battlecall/apache-jmeter-5.1.1
2019-06-11 08:38:07,599 INFO o.a.j.JMeter: user.dir  =/home/battlecall
2019-06-11 08:38:07,599 INFO o.a.j.JMeter: PWD       =/home/battlecall
2019-06-11 08:38:07,599 INFO o.a.j.JMeter: IP: 127.0.1.1 Name: battlecall FullName: battlecall
2019-06-11 08:38:07,785 INFO o.a.j.g.a.LookAndFeelCommand: Installing Darcula LAF
2019-06-11 08:38:07,852 INFO o.a.j.g.a.LookAndFeelCommand: Using look and feel: com.bulenkov.darcula.DarculaLaf [Darcula]
2019-06-11 08:38:07,852 INFO o.a.j.JMeter: Setting LAF to: com.bulenkov.darcula.DarculaLaf
2019-06-11 08:38:07,935 INFO o.a.j.JMeter: Loaded icon properties from org/apache/jmeter/images/icon.properties
2019-06-11 08:38:10,074 INFO o.a.j.p.h.s.HTTPSamplerBase: Parser for text/html is org.apache.jmeter.protocol.http.parser.LagartoBasedHtmlParser
2019-06-11 08:38:10,075 INFO o.a.j.p.h.s.HTTPSamplerBase: Parser for application/xhtml+xml is org.apache.jmeter.protocol.http.parser.LagartoBasedHtmlParser
2019-06-11 08:38:10,075 INFO o.a.j.p.h.s.HTTPSamplerBase: Parser for application/xml is org.apache.jmeter.protocol.http.parser.LagartoBasedHtmlParser
2019-06-11 08:38:10,075 INFO o.a.j.p.h.s.HTTPSamplerBase: Parser for text/xml is org.apache.jmeter.protocol.http.parser.LagartoBasedHtmlParser
2019-06-11 08:38:10,076 INFO o.a.j.p.h.s.HTTPSamplerBase: Parser for text/vnd.wap.wml is org.apache.jmeter.protocol.http.parser.RegexpHTMLParser
2019-06-11 08:38:10,076 INFO o.a.j.p.h.s.HTTPSamplerBase: Parser for text/css is org.apache.jmeter.protocol.http.parser.CssParser
2019-06-11 08:38:10,513 INFO o.a.j.e.KeyToolUtils: keytool found at 'keytool'
2019-06-11 08:38:10,514 INFO o.a.j.p.h.p.ProxyControl: HTTP(S) Test Script Recorder SSL Proxy will use keys that support embedded 3rd party resources in file /home/battlecall/apache-jmeter-5.1.1/bin/proxyserver.jks
2019-06-11 08:38:10,687 INFO o.a.j.s.FileServer: Default base='/home/battlecall'
2019-06-11 08:38:11,164 INFO o.a.j.s.SampleResult: Note: Sample TimeStamps are START times
2019-06-11 08:38:11,164 INFO o.a.j.s.SampleResult: sampleresult.default.encoding is set to ISO-8859-1
2019-06-11 08:38:11,165 INFO o.a.j.s.SampleResult: sampleresult.useNanoTime=true
2019-06-11 08:38:11,165 INFO o.a.j.s.SampleResult: sampleresult.nanoThreadSleep=5000
2019-06-11 08:44:49,224 INFO o.a.j.e.StandardJMeterEngine: Running the test!
2019-06-11 08:44:49,226 INFO o.a.j.s.SampleEvent: List of sample_variables: []
2019-06-11 08:44:49,226 INFO o.a.j.s.SampleEvent: List of sample_variables: []
2019-06-11 08:44:49,227 INFO o.a.j.e.u.CompoundVariable: Note: Function class names must contain the string: '.functions.'
2019-06-11 08:44:49,228 INFO o.a.j.e.u.CompoundVariable: Note: Function class names must not contain the string: '.gui.'
2019-06-11 08:44:49,615 INFO o.a.j.g.u.JMeterMenuBar: setRunning(true, *local*)
2019-06-11 08:44:49,824 INFO o.a.j.e.StandardJMeterEngine: Starting ThreadGroup: 1 : 线程组
2019-06-11 08:44:49,824 INFO o.a.j.e.StandardJMeterEngine: Starting 1 threads for group 线程组.
2019-06-11 08:44:49,824 INFO o.a.j.e.StandardJMeterEngine: Thread will continue on error
2019-06-11 08:44:49,825 INFO o.a.j.t.ThreadGroup: Starting thread group... number=1 threads=1 ramp-up=1 delayedStart=false
2019-06-11 08:44:49,830 INFO o.a.j.t.ThreadGroup: Started thread group number 1
2019-06-11 08:44:49,830 INFO o.a.j.e.StandardJMeterEngine: All thread groups have been started
2019-06-11 08:44:49,832 INFO o.a.j.t.JMeterThread: Thread started: 线程组 1-1
2019-06-11 08:44:49,850 INFO o.a.j.p.h.s.HTTPHCAbstractImpl: Local host = battlecall
2019-06-11 08:44:49,855 INFO o.a.j.p.h.s.HTTPHC4Impl: HTTP request retry count = 0
2019-06-11 08:44:49,978 INFO o.a.j.t.JMeterThread: Thread is done: 线程组 1-1
2019-06-11 08:44:49,979 INFO o.a.j.t.JMeterThread: Thread finished: 线程组 1-1
2019-06-11 08:44:49,979 INFO o.a.j.e.StandardJMeterEngine: Notifying test listeners of end of test
2019-06-11 08:44:49,979 INFO o.a.j.g.u.JMeterMenuBar: setRunning(false, *local*)
2019-06-11 08:45:09,469 INFO o.a.j.s.FileServer: Set new base='/home/battlecall'
2019-06-11 08:45:09,618 INFO o.a.j.s.SaveService: Testplan (JMX) version: 2.2. Testlog (JTL) version: 2.2
2019-06-11 08:45:09,630 INFO o.a.j.s.SaveService: Using SaveService properties file encoding UTF-8
2019-06-11 08:45:09,633 INFO o.a.j.s.SaveService: Using SaveService properties version 5.0
2019-06-11 08:45:09,676 INFO o.a.j.e.StandardJMeterEngine: Running the test!
2019-06-11 08:45:09,677 INFO o.a.j.s.SampleEvent: List of sample_variables: []
2019-06-11 08:45:09,688 INFO o.a.j.g.u.JMeterMenuBar: setRunning(true, *local*)
2019-06-11 08:45:09,934 INFO o.a.j.e.StandardJMeterEngine: Starting ThreadGroup: 1 : 线程组
2019-06-11 08:45:09,934 INFO o.a.j.e.StandardJMeterEngine: Starting 5 threads for group 线程组.
2019-06-11 08:45:09,935 INFO o.a.j.e.StandardJMeterEngine: Thread will continue on error
2019-06-11 08:45:09,935 INFO o.a.j.t.ThreadGroup: Starting thread group... number=1 threads=5 ramp-up=20 delayedStart=false
2019-06-11 08:45:09,946 INFO o.a.j.t.JMeterThread: Thread started: 线程组 1-1
2019-06-11 08:45:09,966 INFO o.a.j.t.ThreadGroup: Started thread group number 1
2019-06-11 08:45:09,973 INFO o.a.j.e.StandardJMeterEngine: All thread groups have been started
2019-06-11 08:45:09,977 INFO o.a.j.u.JsseSSLManager: Using default SSL protocol: TLS
2019-06-11 08:45:09,978 INFO o.a.j.u.JsseSSLManager: SSL session context: per-thread
2019-06-11 08:45:10,033 INFO o.a.j.t.JMeterThread: Thread is done: 线程组 1-1
2019-06-11 08:45:10,033 INFO o.a.j.t.JMeterThread: Thread finished: 线程组 1-1
2019-06-11 08:45:13,940 INFO o.a.j.t.JMeterThread: Thread started: 线程组 1-2
2019-06-11 08:45:13,999 INFO o.a.j.t.JMeterThread: Thread is done: 线程组 1-2
2019-06-11 08:45:14,000 INFO o.a.j.t.JMeterThread: Thread finished: 线程组 1-2
2019-06-11 08:45:17,947 INFO o.a.j.t.JMeterThread: Thread started: 线程组 1-3
2019-06-11 08:45:17,987 INFO o.a.j.t.JMeterThread: Thread is done: 线程组 1-3
2019-06-11 08:45:17,987 INFO o.a.j.t.JMeterThread: Thread finished: 线程组 1-3
2019-06-11 08:45:21,949 INFO o.a.j.t.JMeterThread: Thread started: 线程组 1-4
2019-06-11 08:45:21,990 INFO o.a.j.t.JMeterThread: Thread is done: 线程组 1-4
2019-06-11 08:45:21,990 INFO o.a.j.t.JMeterThread: Thread finished: 线程组 1-4
2019-06-11 08:45:25,946 INFO o.a.j.t.JMeterThread: Thread started: 线程组 1-5
2019-06-11 08:45:25,987 INFO o.a.j.t.JMeterThread: Thread is done: 线程组 1-5
2019-06-11 08:45:25,987 INFO o.a.j.t.JMeterThread: Thread finished: 线程组 1-5
2019-06-11 08:45:25,988 INFO o.a.j.e.StandardJMeterEngine: Notifying test listeners of end of test
2019-06-11 08:45:25,989 INFO o.a.j.g.u.JMeterMenuBar: setRunning(false, *local*)
2019-06-11 08:46:06,502 INFO o.a.j.e.StandardJMeterEngine: Running the test!
2019-06-11 08:46:06,503 INFO o.a.j.s.SampleEvent: List of sample_variables: []
2019-06-11 08:46:06,504 INFO o.a.j.g.u.JMeterMenuBar: setRunning(true, *local*)
2019-06-11 08:46:06,742 INFO o.a.j.e.StandardJMeterEngine: Starting ThreadGroup: 1 : 线程组
2019-06-11 08:46:06,742 INFO o.a.j.e.StandardJMeterEngine: Starting 5 threads for group 线程组.
2019-06-11 08:46:06,742 INFO o.a.j.e.StandardJMeterEngine: Thread will continue on error
2019-06-11 08:46:06,742 INFO o.a.j.t.ThreadGroup: Starting thread group... number=1 threads=5 ramp-up=20 delayedStart=false
2019-06-11 08:46:06,746 INFO o.a.j.t.JMeterThread: Thread started: 线程组 1-1
2019-06-11 08:46:06,767 INFO o.a.j.t.ThreadGroup: Started thread group number 1
2019-06-11 08:46:06,767 INFO o.a.j.e.StandardJMeterEngine: All thread groups have been started
2019-06-11 08:46:06,792 INFO o.a.j.t.JMeterThread: Thread is done: 线程组 1-1
2019-06-11 08:46:06,792 INFO o.a.j.t.JMeterThread: Thread finished: 线程组 1-1
2019-06-11 08:46:10,747 INFO o.a.j.t.JMeterThread: Thread started: 线程组 1-2
2019-06-11 08:46:10,789 INFO o.a.j.t.JMeterThread: Thread is done: 线程组 1-2
2019-06-11 08:46:10,789 INFO o.a.j.t.JMeterThread: Thread finished: 线程组 1-2
2019-06-11 08:46:14,748 INFO o.a.j.t.JMeterThread: Thread started: 线程组 1-3
2019-06-11 08:46:14,788 INFO o.a.j.t.JMeterThread: Thread is done: 线程组 1-3
2019-06-11 08:46:14,789 INFO o.a.j.t.JMeterThread: Thread finished: 线程组 1-3
2019-06-11 08:46:18,743 INFO o.a.j.t.JMeterThread: Thread started: 线程组 1-4
2019-06-11 08:46:18,789 INFO o.a.j.t.JMeterThread: Thread is done: 线程组 1-4
2019-06-11 08:46:18,789 INFO o.a.j.t.JMeterThread: Thread finished: 线程组 1-4
2019-06-11 08:46:22,755 INFO o.a.j.t.JMeterThread: Thread started: 线程组 1-5
2019-06-11 08:46:22,795 INFO o.a.j.t.JMeterThread: Thread is done: 线程组 1-5
2019-06-11 08:46:22,795 INFO o.a.j.t.JMeterThread: Thread finished: 线程组 1-5
2019-06-11 08:46:22,796 INFO o.a.j.e.StandardJMeterEngine: Notifying test listeners of end of test
2019-06-11 08:46:22,796 INFO o.a.j.g.u.JMeterMenuBar: setRunning(false, *local*)
2019-06-11 08:47:22,863 INFO o.a.j.e.StandardJMeterEngine: Running the test!
2019-06-11 08:47:22,864 INFO o.a.j.s.SampleEvent: List of sample_variables: []
2019-06-11 08:47:22,866 INFO o.a.j.g.u.JMeterMenuBar: setRunning(true, *local*)
2019-06-11 08:47:23,031 INFO o.a.j.e.StandardJMeterEngine: Starting ThreadGroup: 1 : 线程组
2019-06-11 08:47:23,032 INFO o.a.j.e.StandardJMeterEngine: Starting 5 threads for group 线程组.
2019-06-11 08:47:23,032 INFO o.a.j.e.StandardJMeterEngine: Thread will continue on error
2019-06-11 08:47:23,032 INFO o.a.j.t.ThreadGroup: Starting thread group... number=1 threads=5 ramp-up=20 delayedStart=false
2019-06-11 08:47:23,034 INFO o.a.j.t.JMeterThread: Thread started: 线程组 1-1
2019-06-11 08:47:23,056 INFO o.a.j.t.ThreadGroup: Started thread group number 1
2019-06-11 08:47:23,056 INFO o.a.j.e.StandardJMeterEngine: All thread groups have been started
2019-06-11 08:47:23,080 INFO o.a.j.t.JMeterThread: Thread is done: 线程组 1-1
2019-06-11 08:47:23,080 INFO o.a.j.t.JMeterThread: Thread finished: 线程组 1-1
2019-06-11 08:47:27,039 INFO o.a.j.t.JMeterThread: Thread started: 线程组 1-2
2019-06-11 08:47:27,065 INFO o.a.j.t.JMeterThread: Thread is done: 线程组 1-2
2019-06-11 08:47:27,065 INFO o.a.j.t.JMeterThread: Thread finished: 线程组 1-2
2019-06-11 08:47:31,043 INFO o.a.j.t.JMeterThread: Thread started: 线程组 1-3
2019-06-11 08:47:31,069 INFO o.a.j.t.JMeterThread: Thread is done: 线程组 1-3
2019-06-11 08:47:31,069 INFO o.a.j.t.JMeterThread: Thread finished: 线程组 1-3
2019-06-11 08:47:35,038 INFO o.a.j.t.JMeterThread: Thread started: 线程组 1-4
2019-06-11 08:47:35,062 INFO o.a.j.t.JMeterThread: Thread is done: 线程组 1-4
2019-06-11 08:47:35,062 INFO o.a.j.t.JMeterThread: Thread finished: 线程组 1-4
2019-06-11 08:47:39,034 INFO o.a.j.t.JMeterThread: Thread started: 线程组 1-5
2019-06-11 08:47:39,062 INFO o.a.j.t.JMeterThread: Thread is done: 线程组 1-5
2019-06-11 08:47:39,062 INFO o.a.j.t.JMeterThread: Thread finished: 线程组 1-5
2019-06-11 08:47:39,063 INFO o.a.j.e.StandardJMeterEngine: Notifying test listeners of end of test
2019-06-11 08:47:39,063 INFO o.a.j.g.u.JMeterMenuBar: setRunning(false, *local*)
2019-06-11 08:47:47,103 INFO o.a.j.e.StandardJMeterEngine: Running the test!
2019-06-11 08:47:47,104 INFO o.a.j.s.SampleEvent: List of sample_variables: []
2019-06-11 08:47:47,105 INFO o.a.j.g.u.JMeterMenuBar: setRunning(true, *local*)
2019-06-11 08:47:47,259 INFO o.a.j.e.StandardJMeterEngine: Starting ThreadGroup: 1 : 线程组
2019-06-11 08:47:47,259 INFO o.a.j.e.StandardJMeterEngine: Starting 5 threads for group 线程组.
2019-06-11 08:47:47,259 INFO o.a.j.e.StandardJMeterEngine: Thread will continue on error
2019-06-11 08:47:47,259 INFO o.a.j.t.ThreadGroup: Starting thread group... number=1 threads=5 ramp-up=20 delayedStart=false
2019-06-11 08:47:47,261 INFO o.a.j.t.JMeterThread: Thread started: 线程组 1-1
2019-06-11 08:47:47,265 INFO o.a.j.t.ThreadGroup: Started thread group number 1
2019-06-11 08:47:47,265 INFO o.a.j.e.StandardJMeterEngine: All thread groups have been started
2019-06-11 08:47:47,301 INFO o.a.j.t.JMeterThread: Thread is done: 线程组 1-1
2019-06-11 08:47:47,302 INFO o.a.j.t.JMeterThread: Thread finished: 线程组 1-1
2019-06-11 08:47:51,262 INFO o.a.j.t.JMeterThread: Thread started: 线程组 1-2
2019-06-11 08:47:51,287 INFO o.a.j.t.JMeterThread: Thread is done: 线程组 1-2
2019-06-11 08:47:51,288 INFO o.a.j.t.JMeterThread: Thread finished: 线程组 1-2
2019-06-11 08:47:55,261 INFO o.a.j.t.JMeterThread: Thread started: 线程组 1-3
2019-06-11 08:47:55,286 INFO o.a.j.t.JMeterThread: Thread is done: 线程组 1-3
2019-06-11 08:47:55,286 INFO o.a.j.t.JMeterThread: Thread finished: 线程组 1-3
2019-06-11 08:47:59,262 INFO o.a.j.t.JMeterThread: Thread started: 线程组 1-4
2019-06-11 08:47:59,292 INFO o.a.j.t.JMeterThread: Thread is done: 线程组 1-4
2019-06-11 08:47:59,293 INFO o.a.j.t.JMeterThread: Thread finished: 线程组 1-4
2019-06-11 08:48:03,262 INFO o.a.j.t.JMeterThread: Thread started: 线程组 1-5
2019-06-11 08:48:03,285 INFO o.a.j.t.JMeterThread: Thread is done: 线程组 1-5
2019-06-11 08:48:03,286 INFO o.a.j.t.JMeterThread: Thread finished: 线程组 1-5
2019-06-11 08:48:03,289 INFO o.a.j.e.StandardJMeterEngine: Notifying test listeners of end of test
2019-06-11 08:48:03,290 INFO o.a.j.g.u.JMeterMenuBar: setRunning(false, *local*)
2019-06-11 08:49:39,764 INFO o.a.j.e.StandardJMeterEngine: Running the test!
2019-06-11 08:49:39,765 INFO o.a.j.s.SampleEvent: List of sample_variables: []
2019-06-11 08:49:39,766 INFO o.a.j.g.u.JMeterMenuBar: setRunning(true, *local*)
2019-06-11 08:49:40,017 INFO o.a.j.e.StandardJMeterEngine: Starting ThreadGroup: 1 : 线程组
2019-06-11 08:49:40,018 INFO o.a.j.e.StandardJMeterEngine: Starting 5 threads for group 线程组.
2019-06-11 08:49:40,018 INFO o.a.j.e.StandardJMeterEngine: Thread will continue on error
2019-06-11 08:49:40,018 INFO o.a.j.t.ThreadGroup: Starting thread group... number=1 threads=5 ramp-up=20 delayedStart=false
2019-06-11 08:49:40,020 INFO o.a.j.t.JMeterThread: Thread started: 线程组 1-1
2019-06-11 08:49:40,023 INFO o.a.j.t.ThreadGroup: Started thread group number 1
2019-06-11 08:49:40,024 INFO o.a.j.e.StandardJMeterEngine: All thread groups have been started
2019-06-11 08:49:40,078 INFO o.a.j.t.JMeterThread: Thread is done: 线程组 1-1
2019-06-11 08:49:40,078 INFO o.a.j.t.JMeterThread: Thread finished: 线程组 1-1
2019-06-11 08:49:44,021 INFO o.a.j.t.JMeterThread: Thread started: 线程组 1-2
2019-06-11 08:49:44,072 INFO o.a.j.t.JMeterThread: Thread is done: 线程组 1-2
2019-06-11 08:49:44,072 INFO o.a.j.t.JMeterThread: Thread finished: 线程组 1-2
2019-06-11 08:49:48,021 INFO o.a.j.t.JMeterThread: Thread started: 线程组 1-3
2019-06-11 08:49:48,074 INFO o.a.j.t.JMeterThread: Thread is done: 线程组 1-3
2019-06-11 08:49:48,075 INFO o.a.j.t.JMeterThread: Thread finished: 线程组 1-3
2019-06-11 08:49:49,180 INFO o.a.j.g.a.Start: Shutting test down
2019-06-11 08:49:49,189 INFO o.a.j.t.JMeterThread: Stopping: 线程组 1-5
2019-06-11 08:49:49,189 INFO o.a.j.t.JMeterThread: Stopping: 线程组 1-4
2019-06-11 08:49:50,024 INFO o.a.j.t.JMeterThread: Thread started: 线程组 1-4
2019-06-11 08:49:50,025 INFO o.a.j.t.JMeterThread: Thread started: 线程组 1-5
2019-06-11 08:49:50,026 INFO o.a.j.t.JMeterThread: Thread finished: 线程组 1-5
2019-06-11 08:49:50,027 INFO o.a.j.t.JMeterThread: Thread finished: 线程组 1-4
2019-06-11 08:49:50,028 INFO o.a.j.e.StandardJMeterEngine: Notifying test listeners of end of test
2019-06-11 08:49:50,029 INFO o.a.j.g.u.JMeterMenuBar: setRunning(false, *local*)
2019-06-11 08:52:14,469 INFO o.a.j.e.StandardJMeterEngine: Running the test!
2019-06-11 08:52:14,470 INFO o.a.j.s.SampleEvent: List of sample_variables: []
2019-06-11 08:52:14,471 INFO o.a.j.g.u.JMeterMenuBar: setRunning(true, *local*)
2019-06-11 08:52:14,657 INFO o.a.j.e.StandardJMeterEngine: Starting ThreadGroup: 1 : 线程组
2019-06-11 08:52:14,658 INFO o.a.j.e.StandardJMeterEngine: Starting 10 threads for group 线程组.
2019-06-11 08:52:14,658 INFO o.a.j.e.StandardJMeterEngine: Thread will continue on error
2019-06-11 08:52:14,658 INFO o.a.j.t.ThreadGroup: Starting thread group... number=1 threads=10 ramp-up=20 delayedStart=false
2019-06-11 08:52:14,664 INFO o.a.j.t.JMeterThread: Thread started: 线程组 1-1
2019-06-11 08:52:14,710 INFO o.a.j.t.ThreadGroup: Started thread group number 1
2019-06-11 08:52:14,717 INFO o.a.j.e.StandardJMeterEngine: All thread groups have been started
2019-06-11 08:52:14,756 INFO o.a.j.t.JMeterThread: Thread is done: 线程组 1-1
2019-06-11 08:52:14,757 INFO o.a.j.t.JMeterThread: Thread finished: 线程组 1-1
2019-06-11 08:52:16,670 INFO o.a.j.t.JMeterThread: Thread started: 线程组 1-2
2019-06-11 08:52:16,712 INFO o.a.j.t.JMeterThread: Thread is done: 线程组 1-2
2019-06-11 08:52:16,713 INFO o.a.j.t.JMeterThread: Thread finished: 线程组 1-2
2019-06-11 08:52:18,666 INFO o.a.j.t.JMeterThread: Thread started: 线程组 1-3
2019-06-11 08:52:18,713 INFO o.a.j.t.JMeterThread: Thread is done: 线程组 1-3
2019-06-11 08:52:18,714 INFO o.a.j.t.JMeterThread: Thread finished: 线程组 1-3
2019-06-11 08:52:20,661 INFO o.a.j.t.JMeterThread: Thread started: 线程组 1-4
2019-06-11 08:52:20,698 INFO o.a.j.t.JMeterThread: Thread is done: 线程组 1-4
2019-06-11 08:52:20,698 INFO o.a.j.t.JMeterThread: Thread finished: 线程组 1-4
2019-06-11 08:52:22,673 INFO o.a.j.t.JMeterThread: Thread started: 线程组 1-5
2019-06-11 08:52:22,715 INFO o.a.j.t.JMeterThread: Thread is done: 线程组 1-5
2019-06-11 08:52:22,715 INFO o.a.j.t.JMeterThread: Thread finished: 线程组 1-5
2019-06-11 08:52:24,672 INFO o.a.j.t.JMeterThread: Thread started: 线程组 1-6
2019-06-11 08:52:24,718 INFO o.a.j.t.JMeterThread: Thread is done: 线程组 1-6
2019-06-11 08:52:24,718 INFO o.a.j.t.JMeterThread: Thread finished: 线程组 1-6
2019-06-11 08:52:26,663 INFO o.a.j.t.JMeterThread: Thread started: 线程组 1-7
2019-06-11 08:52:26,701 INFO o.a.j.t.JMeterThread: Thread is done: 线程组 1-7
2019-06-11 08:52:26,701 INFO o.a.j.t.JMeterThread: Thread finished: 线程组 1-7
2019-06-11 08:52:28,673 INFO o.a.j.t.JMeterThread: Thread started: 线程组 1-8
2019-06-11 08:52:28,723 INFO o.a.j.t.JMeterThread: Thread is done: 线程组 1-8
2019-06-11 08:52:28,723 INFO o.a.j.t.JMeterThread: Thread finished: 线程组 1-8
2019-06-11 08:52:30,665 INFO o.a.j.t.JMeterThread: Thread started: 线程组 1-9
2019-06-11 08:52:30,708 INFO o.a.j.t.JMeterThread: Thread is done: 线程组 1-9
2019-06-11 08:52:30,708 INFO o.a.j.t.JMeterThread: Thread finished: 线程组 1-9
2019-06-11 08:52:32,676 INFO o.a.j.t.JMeterThread: Thread started: 线程组 1-10
2019-06-11 08:52:32,714 INFO o.a.j.t.JMeterThread: Thread is done: 线程组 1-10
2019-06-11 08:52:32,714 INFO o.a.j.t.JMeterThread: Thread finished: 线程组 1-10
2019-06-11 08:52:32,715 INFO o.a.j.e.StandardJMeterEngine: Notifying test listeners of end of test
2019-06-11 08:52:32,715 INFO o.a.j.g.u.JMeterMenuBar: setRunning(false, *local*)
2019-06-11 08:54:52,664 INFO o.a.j.e.StandardJMeterEngine: Running the test!
2019-06-11 08:54:52,664 INFO o.a.j.s.SampleEvent: List of sample_variables: []
2019-06-11 08:54:52,665 INFO o.a.j.g.u.JMeterMenuBar: setRunning(true, *local*)
2019-06-11 08:54:52,862 INFO o.a.j.e.StandardJMeterEngine: Starting ThreadGroup: 1 : 线程组
2019-06-11 08:54:52,862 INFO o.a.j.e.StandardJMeterEngine: Starting 10 threads for group 线程组.
2019-06-11 08:54:52,862 INFO o.a.j.e.StandardJMeterEngine: Thread will continue on error
2019-06-11 08:54:52,863 INFO o.a.j.t.ThreadGroup: Starting thread group... number=1 threads=10 ramp-up=20 delayedStart=false
2019-06-11 08:54:52,869 INFO o.a.j.t.JMeterThread: Thread started: 线程组 1-1
2019-06-11 08:54:52,932 INFO o.a.j.t.ThreadGroup: Started thread group number 1
2019-06-11 08:54:52,933 INFO o.a.j.e.StandardJMeterEngine: All thread groups have been started
2019-06-11 08:54:52,967 INFO o.a.j.t.JMeterThread: Thread is done: 线程组 1-1
2019-06-11 08:54:52,967 INFO o.a.j.t.JMeterThread: Thread finished: 线程组 1-1
2019-06-11 08:54:54,871 INFO o.a.j.t.JMeterThread: Thread started: 线程组 1-2
2019-06-11 08:54:54,911 INFO o.a.j.t.JMeterThread: Thread is done: 线程组 1-2
2019-06-11 08:54:54,911 INFO o.a.j.t.JMeterThread: Thread finished: 线程组 1-2
2019-06-11 08:54:56,866 INFO o.a.j.t.JMeterThread: Thread started: 线程组 1-3
2019-06-11 08:54:56,907 INFO o.a.j.t.JMeterThread: Thread is done: 线程组 1-3
2019-06-11 08:54:56,908 INFO o.a.j.t.JMeterThread: Thread finished: 线程组 1-3
2019-06-11 08:54:58,873 INFO o.a.j.t.JMeterThread: Thread started: 线程组 1-4
2019-06-11 08:54:58,916 INFO o.a.j.t.JMeterThread: Thread is done: 线程组 1-4
2019-06-11 08:54:58,916 INFO o.a.j.t.JMeterThread: Thread finished: 线程组 1-4
2019-06-11 08:55:00,877 INFO o.a.j.t.JMeterThread: Thread started: 线程组 1-5
2019-06-11 08:55:00,920 INFO o.a.j.t.JMeterThread: Thread is done: 线程组 1-5
2019-06-11 08:55:00,920 INFO o.a.j.t.JMeterThread: Thread finished: 线程组 1-5
2019-06-11 08:55:02,877 INFO o.a.j.t.JMeterThread: Thread started: 线程组 1-6
2019-06-11 08:55:02,916 INFO o.a.j.t.JMeterThread: Thread is done: 线程组 1-6
2019-06-11 08:55:02,916 INFO o.a.j.t.JMeterThread: Thread finished: 线程组 1-6
2019-06-11 08:55:04,877 INFO o.a.j.t.JMeterThread: Thread started: 线程组 1-7
2019-06-11 08:55:04,918 INFO o.a.j.t.JMeterThread: Thread is done: 线程组 1-7
2019-06-11 08:55:04,919 INFO o.a.j.t.JMeterThread: Thread finished: 线程组 1-7
2019-06-11 08:55:06,870 INFO o.a.j.t.JMeterThread: Thread started: 线程组 1-8
2019-06-11 08:55:06,911 INFO o.a.j.t.JMeterThread: Thread is done: 线程组 1-8
2019-06-11 08:55:06,911 INFO o.a.j.t.JMeterThread: Thread finished: 线程组 1-8
2019-06-11 08:55:08,870 INFO o.a.j.t.JMeterThread: Thread started: 线程组 1-9
2019-06-11 08:55:08,973 INFO o.a.j.t.JMeterThread: Thread is done: 线程组 1-9
2019-06-11 08:55:08,973 INFO o.a.j.t.JMeterThread: Thread finished: 线程组 1-9
2019-06-11 08:55:10,873 INFO o.a.j.t.JMeterThread: Thread started: 线程组 1-10
2019-06-11 08:55:10,911 INFO o.a.j.t.JMeterThread: Thread is done: 线程组 1-10
2019-06-11 08:55:10,912 INFO o.a.j.t.JMeterThread: Thread finished: 线程组 1-10
2019-06-11 08:55:10,912 INFO o.a.j.e.StandardJMeterEngine: Notifying test listeners of end of test
2019-06-11 08:55:10,912 INFO o.a.j.g.u.JMeterMenuBar: setRunning(false, *local*)
2019-06-11 08:59:45,895 INFO o.a.j.e.StandardJMeterEngine: Running the test!
2019-06-11 08:59:45,902 INFO o.a.j.s.SampleEvent: List of sample_variables: []
2019-06-11 08:59:45,904 INFO o.a.j.g.u.JMeterMenuBar: setRunning(true, *local*)
2019-06-11 08:59:46,054 INFO o.a.j.e.StandardJMeterEngine: Starting ThreadGroup: 1 : 线程组
2019-06-11 08:59:46,054 INFO o.a.j.e.StandardJMeterEngine: Starting 10 threads for group 线程组.
2019-06-11 08:59:46,054 INFO o.a.j.e.StandardJMeterEngine: Thread will continue on error
2019-06-11 08:59:46,054 INFO o.a.j.t.ThreadGroup: Starting thread group... number=1 threads=10 ramp-up=20 delayedStart=false
2019-06-11 08:59:46,057 INFO o.a.j.t.JMeterThread: Thread started: 线程组 1-1
2019-06-11 08:59:46,063 INFO o.a.j.t.ThreadGroup: Started thread group number 1
2019-06-11 08:59:46,063 INFO o.a.j.e.StandardJMeterEngine: All thread groups have been started
2019-06-11 08:59:46,097 INFO o.a.j.t.JMeterThread: Thread is done: 线程组 1-1
2019-06-11 08:59:46,097 INFO o.a.j.t.JMeterThread: Thread finished: 线程组 1-1
2019-06-11 08:59:48,061 INFO o.a.j.t.JMeterThread: Thread started: 线程组 1-2
2019-06-11 08:59:48,101 INFO o.a.j.t.JMeterThread: Thread is done: 线程组 1-2
2019-06-11 08:59:48,101 INFO o.a.j.t.JMeterThread: Thread finished: 线程组 1-2
2019-06-11 08:59:50,055 INFO o.a.j.t.JMeterThread: Thread started: 线程组 1-3
2019-06-11 08:59:50,091 INFO o.a.j.t.JMeterThread: Thread is done: 线程组 1-3
2019-06-11 08:59:50,091 INFO o.a.j.t.JMeterThread: Thread finished: 线程组 1-3
2019-06-11 08:59:52,056 INFO o.a.j.t.JMeterThread: Thread started: 线程组 1-4
2019-06-11 08:59:52,092 INFO o.a.j.t.JMeterThread: Thread is done: 线程组 1-4
2019-06-11 08:59:52,092 INFO o.a.j.t.JMeterThread: Thread finished: 线程组 1-4
2019-06-11 08:59:53,552 INFO o.a.j.g.a.Start: Stopping test
2019-06-11 08:59:53,562 INFO o.a.j.t.JMeterThread: Stopping: 线程组 1-5
2019-06-11 08:59:53,563 INFO o.a.j.t.JMeterThread: Stopping: 线程组 1-6
2019-06-11 08:59:53,566 INFO o.a.j.t.JMeterThread: Stopping: 线程组 1-9
2019-06-11 08:59:53,566 INFO o.a.j.t.JMeterThread: Stopping: 线程组 1-7
2019-06-11 08:59:53,566 INFO o.a.j.t.JMeterThread: Thread started: 线程组 1-5
2019-06-11 08:59:53,566 INFO o.a.j.t.JMeterThread: Stopping: 线程组 1-8
2019-06-11 08:59:53,566 INFO o.a.j.t.JMeterThread: Thread started: 线程组 1-6
2019-06-11 08:59:53,566 INFO o.a.j.t.JMeterThread: Thread finished: 线程组 1-5
2019-06-11 08:59:53,566 INFO o.a.j.t.JMeterThread: Thread finished: 线程组 1-6
2019-06-11 08:59:53,566 INFO o.a.j.t.JMeterThread: Stopping: 线程组 1-10
2019-06-11 08:59:53,566 INFO o.a.j.t.JMeterThread: Thread started: 线程组 1-7
2019-06-11 08:59:53,566 INFO o.a.j.t.JMeterThread: Thread started: 线程组 1-8
2019-06-11 08:59:53,567 INFO o.a.j.t.JMeterThread: Thread finished: 线程组 1-8
2019-06-11 08:59:53,567 INFO o.a.j.t.JMeterThread: Thread finished: 线程组 1-7
2019-06-11 08:59:53,567 INFO o.a.j.t.JMeterThread: Thread started: 线程组 1-9
2019-06-11 08:59:53,567 INFO o.a.j.t.JMeterThread: Thread finished: 线程组 1-9
2019-06-11 08:59:53,568 INFO o.a.j.t.JMeterThread: Thread started: 线程组 1-10
2019-06-11 08:59:53,568 INFO o.a.j.t.JMeterThread: Thread finished: 线程组 1-10
2019-06-11 08:59:53,568 INFO o.a.j.e.StandardJMeterEngine: Notifying test listeners of end of test
2019-06-11 08:59:53,568 INFO o.a.j.g.u.JMeterMenuBar: setRunning(false, *local*)
2019-06-11 09:00:32,236 INFO o.a.j.e.StandardJMeterEngine: Running the test!
2019-06-11 09:00:32,237 INFO o.a.j.s.SampleEvent: List of sample_variables: []
2019-06-11 09:00:32,237 INFO o.a.j.g.u.JMeterMenuBar: setRunning(true, *local*)
2019-06-11 09:00:32,342 INFO o.a.j.e.StandardJMeterEngine: Starting ThreadGroup: 1 : 线程组
2019-06-11 09:00:32,342 INFO o.a.j.e.StandardJMeterEngine: Starting 10 threads for group 线程组.
2019-06-11 09:00:32,342 INFO o.a.j.e.StandardJMeterEngine: Thread will continue on error
2019-06-11 09:00:32,342 INFO o.a.j.t.ThreadGroup: Starting thread group... number=1 threads=10 ramp-up=20 delayedStart=false
2019-06-11 09:00:32,343 INFO o.a.j.t.JMeterThread: Thread started: 线程组 1-1
2019-06-11 09:00:32,350 INFO o.a.j.t.ThreadGroup: Started thread group number 1
2019-06-11 09:00:32,350 INFO o.a.j.e.StandardJMeterEngine: All thread groups have been started
2019-06-11 09:00:32,392 INFO o.a.j.t.JMeterThread: Thread is done: 线程组 1-1
2019-06-11 09:00:32,392 INFO o.a.j.t.JMeterThread: Thread finished: 线程组 1-1
2019-06-11 09:00:34,343 INFO o.a.j.t.JMeterThread: Thread started: 线程组 1-2
2019-06-11 09:00:34,394 INFO o.a.j.t.JMeterThread: Thread is done: 线程组 1-2
2019-06-11 09:00:34,394 INFO o.a.j.t.JMeterThread: Thread finished: 线程组 1-2
2019-06-11 09:00:36,342 INFO o.a.j.t.JMeterThread: Thread started: 线程组 1-3
2019-06-11 09:00:36,389 INFO o.a.j.t.JMeterThread: Thread is done: 线程组 1-3
2019-06-11 09:00:36,389 INFO o.a.j.t.JMeterThread: Thread finished: 线程组 1-3
2019-06-11 09:00:38,342 INFO o.a.j.t.JMeterThread: Thread started: 线程组 1-4
2019-06-11 09:00:38,382 INFO o.a.j.t.JMeterThread: Thread is done: 线程组 1-4
2019-06-11 09:00:38,382 INFO o.a.j.t.JMeterThread: Thread finished: 线程组 1-4
2019-06-11 09:00:40,344 INFO o.a.j.t.JMeterThread: Thread started: 线程组 1-5
2019-06-11 09:00:40,388 INFO o.a.j.t.JMeterThread: Thread is done: 线程组 1-5
2019-06-11 09:00:40,388 INFO o.a.j.t.JMeterThread: Thread finished: 线程组 1-5
2019-06-11 09:00:42,346 INFO o.a.j.t.JMeterThread: Thread started: 线程组 1-6
2019-06-11 09:00:42,388 INFO o.a.j.t.JMeterThread: Thread is done: 线程组 1-6
2019-06-11 09:00:42,389 INFO o.a.j.t.JMeterThread: Thread finished: 线程组 1-6
2019-06-11 09:00:44,342 INFO o.a.j.t.JMeterThread: Thread started: 线程组 1-7
2019-06-11 09:00:44,377 INFO o.a.j.t.JMeterThread: Thread is done: 线程组 1-7
2019-06-11 09:00:44,377 INFO o.a.j.t.JMeterThread: Thread finished: 线程组 1-7
2019-06-11 09:00:46,343 INFO o.a.j.t.JMeterThread: Thread started: 线程组 1-8
2019-06-11 09:00:46,383 INFO o.a.j.t.JMeterThread: Thread is done: 线程组 1-8
2019-06-11 09:00:46,383 INFO o.a.j.t.JMeterThread: Thread finished: 线程组 1-8
2019-06-11 09:00:48,344 INFO o.a.j.t.JMeterThread: Thread started: 线程组 1-9
2019-06-11 09:00:48,372 INFO o.a.j.t.JMeterThread: Thread is done: 线程组 1-9
2019-06-11 09:00:48,373 INFO o.a.j.t.JMeterThread: Thread finished: 线程组 1-9
2019-06-11 09:00:50,345 INFO o.a.j.t.JMeterThread: Thread started: 线程组 1-10
2019-06-11 09:00:50,382 INFO o.a.j.t.JMeterThread: Thread is done: 线程组 1-10
2019-06-11 09:00:50,382 INFO o.a.j.t.JMeterThread: Thread finished: 线程组 1-10
2019-06-11 09:00:50,382 INFO o.a.j.e.StandardJMeterEngine: Notifying test listeners of end of test
2019-06-11 09:00:50,382 INFO o.a.j.g.u.JMeterMenuBar: setRunning(false, *local*)
2019-06-11 09:04:02,518 INFO o.a.j.e.StandardJMeterEngine: Running the test!
2019-06-11 09:04:02,519 INFO o.a.j.s.SampleEvent: List of sample_variables: []
2019-06-11 09:04:02,519 INFO o.a.j.g.u.JMeterMenuBar: setRunning(true, *local*)
2019-06-11 09:04:02,704 INFO o.a.j.e.StandardJMeterEngine: Starting ThreadGroup: 1 : 线程组
2019-06-11 09:04:02,704 INFO o.a.j.e.StandardJMeterEngine: Starting 10 threads for group 线程组.
2019-06-11 09:04:02,704 INFO o.a.j.e.StandardJMeterEngine: Thread will continue on error
2019-06-11 09:04:02,704 INFO o.a.j.t.ThreadGroup: Starting thread group... number=1 threads=10 ramp-up=20 delayedStart=false
2019-06-11 09:04:02,705 INFO o.a.j.t.JMeterThread: Thread started: 线程组 1-1
2019-06-11 09:04:02,712 INFO o.a.j.t.ThreadGroup: Started thread group number 1
2019-06-11 09:04:02,712 INFO o.a.j.e.StandardJMeterEngine: All thread groups have been started
2019-06-11 09:04:02,774 INFO o.a.j.t.JMeterThread: Thread is done: 线程组 1-1
2019-06-11 09:04:02,774 INFO o.a.j.t.JMeterThread: Thread finished: 线程组 1-1
2019-06-11 09:04:04,705 INFO o.a.j.t.JMeterThread: Thread started: 线程组 1-2
2019-06-11 09:04:04,751 INFO o.a.j.t.JMeterThread: Thread is done: 线程组 1-2
2019-06-11 09:04:04,751 INFO o.a.j.t.JMeterThread: Thread finished: 线程组 1-2
2019-06-11 09:04:06,705 INFO o.a.j.t.JMeterThread: Thread started: 线程组 1-3
2019-06-11 09:04:06,741 INFO o.a.j.t.JMeterThread: Thread is done: 线程组 1-3
2019-06-11 09:04:06,741 INFO o.a.j.t.JMeterThread: Thread finished: 线程组 1-3
2019-06-11 09:04:07,627 INFO o.a.j.g.a.Start: Stopping test
2019-06-11 09:04:07,633 INFO o.a.j.t.JMeterThread: Stopping: 线程组 1-4
2019-06-11 09:04:07,634 INFO o.a.j.t.JMeterThread: Thread started: 线程组 1-4
2019-06-11 09:04:07,635 INFO o.a.j.t.JMeterThread: Thread finished: 线程组 1-4
2019-06-11 09:04:07,634 INFO o.a.j.t.JMeterThread: Stopping: 线程组 1-5
2019-06-11 09:04:07,637 INFO o.a.j.t.JMeterThread: Stopping: 线程组 1-8
2019-06-11 09:04:07,638 INFO o.a.j.t.JMeterThread: Thread started: 线程组 1-5
2019-06-11 09:04:07,638 INFO o.a.j.t.JMeterThread: Thread finished: 线程组 1-5
2019-06-11 09:04:07,638 INFO o.a.j.t.JMeterThread: Stopping: 线程组 1-9
2019-06-11 09:04:07,639 INFO o.a.j.t.JMeterThread: Stopping: 线程组 1-6
2019-06-11 09:04:07,638 INFO o.a.j.t.JMeterThread: Thread started: 线程组 1-8
2019-06-11 09:04:07,639 INFO o.a.j.t.JMeterThread: Stopping: 线程组 1-7
2019-06-11 09:04:07,639 INFO o.a.j.t.JMeterThread: Stopping: 线程组 1-10
2019-06-11 09:04:07,639 INFO o.a.j.t.JMeterThread: Thread finished: 线程组 1-8
2019-06-11 09:04:07,639 INFO o.a.j.t.JMeterThread: Thread started: 线程组 1-6
2019-06-11 09:04:07,639 INFO o.a.j.t.JMeterThread: Thread started: 线程组 1-7
2019-06-11 09:04:07,640 INFO o.a.j.t.JMeterThread: Thread finished: 线程组 1-7
2019-06-11 09:04:07,640 INFO o.a.j.t.JMeterThread: Thread finished: 线程组 1-6
2019-06-11 09:04:07,640 INFO o.a.j.t.JMeterThread: Thread started: 线程组 1-10
2019-06-11 09:04:07,640 INFO o.a.j.t.JMeterThread: Thread started: 线程组 1-9
2019-06-11 09:04:07,640 INFO o.a.j.t.JMeterThread: Thread finished: 线程组 1-10
2019-06-11 09:04:07,640 INFO o.a.j.t.JMeterThread: Thread finished: 线程组 1-9
2019-06-11 09:04:07,642 INFO o.a.j.e.StandardJMeterEngine: Notifying test listeners of end of test
2019-06-11 09:04:07,642 INFO o.a.j.g.u.JMeterMenuBar: setRunning(false, *local*)
2019-06-11 09:04:27,514 INFO o.a.j.e.StandardJMeterEngine: Running the test!
2019-06-11 09:04:27,515 INFO o.a.j.s.SampleEvent: List of sample_variables: []
2019-06-11 09:04:27,516 INFO o.a.j.g.u.JMeterMenuBar: setRunning(true, *local*)
2019-06-11 09:04:27,695 INFO o.a.j.e.StandardJMeterEngine: Starting ThreadGroup: 1 : 线程组
2019-06-11 09:04:27,696 INFO o.a.j.e.StandardJMeterEngine: Starting 10 threads for group 线程组.
2019-06-11 09:04:27,696 INFO o.a.j.e.StandardJMeterEngine: Thread will continue on error
2019-06-11 09:04:27,696 INFO o.a.j.t.ThreadGroup: Starting thread group... number=1 threads=10 ramp-up=20 delayedStart=false
2019-06-11 09:04:27,696 INFO o.a.j.t.JMeterThread: Thread started: 线程组 1-1
2019-06-11 09:04:27,722 INFO o.a.j.t.ThreadGroup: Started thread group number 1
2019-06-11 09:04:27,722 INFO o.a.j.e.StandardJMeterEngine: All thread groups have been started
2019-06-11 09:04:27,763 INFO o.a.j.t.JMeterThread: Thread is done: 线程组 1-1
2019-06-11 09:04:27,763 INFO o.a.j.t.JMeterThread: Thread finished: 线程组 1-1
2019-06-11 09:04:29,697 INFO o.a.j.t.JMeterThread: Thread started: 线程组 1-2
2019-06-11 09:04:29,739 INFO o.a.j.t.JMeterThread: Thread is done: 线程组 1-2
2019-06-11 09:04:29,739 INFO o.a.j.t.JMeterThread: Thread finished: 线程组 1-2
2019-06-11 09:04:31,697 INFO o.a.j.t.JMeterThread: Thread started: 线程组 1-3
2019-06-11 09:04:31,743 INFO o.a.j.t.JMeterThread: Thread is done: 线程组 1-3
2019-06-11 09:04:31,743 INFO o.a.j.t.JMeterThread: Thread finished: 线程组 1-3
2019-06-11 09:04:33,701 INFO o.a.j.t.JMeterThread: Thread started: 线程组 1-4
2019-06-11 09:04:33,745 INFO o.a.j.t.JMeterThread: Thread is done: 线程组 1-4
2019-06-11 09:04:33,746 INFO o.a.j.t.JMeterThread: Thread finished: 线程组 1-4
2019-06-11 09:04:35,697 INFO o.a.j.t.JMeterThread: Thread started: 线程组 1-5
2019-06-11 09:04:35,736 INFO o.a.j.t.JMeterThread: Thread is done: 线程组 1-5
2019-06-11 09:04:35,736 INFO o.a.j.t.JMeterThread: Thread finished: 线程组 1-5
2019-06-11 09:04:37,702 INFO o.a.j.t.JMeterThread: Thread started: 线程组 1-6
2019-06-11 09:04:37,760 INFO o.a.j.t.JMeterThread: Thread is done: 线程组 1-6
2019-06-11 09:04:37,760 INFO o.a.j.t.JMeterThread: Thread finished: 线程组 1-6
2019-06-11 09:04:39,698 INFO o.a.j.t.JMeterThread: Thread started: 线程组 1-7
2019-06-11 09:04:39,736 INFO o.a.j.t.JMeterThread: Thread is done: 线程组 1-7
2019-06-11 09:04:39,736 INFO o.a.j.t.JMeterThread: Thread finished: 线程组 1-7
2019-06-11 09:04:41,696 INFO o.a.j.t.JMeterThread: Thread started: 线程组 1-8
2019-06-11 09:04:41,743 INFO o.a.j.t.JMeterThread: Thread is done: 线程组 1-8
2019-06-11 09:04:41,743 INFO o.a.j.t.JMeterThread: Thread finished: 线程组 1-8
2019-06-11 09:04:43,708 INFO o.a.j.t.JMeterThread: Thread started: 线程组 1-9
2019-06-11 09:04:43,744 INFO o.a.j.t.JMeterThread: Thread is done: 线程组 1-9
2019-06-11 09:04:43,744 INFO o.a.j.t.JMeterThread: Thread finished: 线程组 1-9
2019-06-11 09:04:45,696 INFO o.a.j.t.JMeterThread: Thread started: 线程组 1-10
2019-06-11 09:04:45,731 INFO o.a.j.t.JMeterThread: Thread is done: 线程组 1-10
2019-06-11 09:04:45,731 INFO o.a.j.t.JMeterThread: Thread finished: 线程组 1-10
2019-06-11 09:04:45,732 INFO o.a.j.e.StandardJMeterEngine: Notifying test listeners of end of test
2019-06-11 09:04:45,732 INFO o.a.j.g.u.JMeterMenuBar: setRunning(false, *local*)
2019-06-11 09:05:05,914 INFO o.a.j.e.StandardJMeterEngine: Running the test!
2019-06-11 09:05:05,915 INFO o.a.j.s.SampleEvent: List of sample_variables: []
2019-06-11 09:05:05,916 INFO o.a.j.g.u.JMeterMenuBar: setRunning(true, *local*)
2019-06-11 09:05:06,106 INFO o.a.j.e.StandardJMeterEngine: Starting ThreadGroup: 1 : 线程组
2019-06-11 09:05:06,107 INFO o.a.j.e.StandardJMeterEngine: Starting 10 threads for group 线程组.
2019-06-11 09:05:06,107 INFO o.a.j.e.StandardJMeterEngine: Thread will continue on error
2019-06-11 09:05:06,107 INFO o.a.j.t.ThreadGroup: Starting thread group... number=1 threads=10 ramp-up=20 delayedStart=false
2019-06-11 09:05:06,107 INFO o.a.j.t.JMeterThread: Thread started: 线程组 1-1
2019-06-11 09:05:06,112 INFO o.a.j.t.ThreadGroup: Started thread group number 1
2019-06-11 09:05:06,112 INFO o.a.j.e.StandardJMeterEngine: All thread groups have been started
2019-06-11 09:05:06,145 INFO o.a.j.t.JMeterThread: Thread is done: 线程组 1-1
2019-06-11 09:05:06,146 INFO o.a.j.t.JMeterThread: Thread finished: 线程组 1-1
2019-06-11 09:05:08,108 INFO o.a.j.t.JMeterThread: Thread started: 线程组 1-2
2019-06-11 09:05:08,144 INFO o.a.j.t.JMeterThread: Thread is done: 线程组 1-2
2019-06-11 09:05:08,144 INFO o.a.j.t.JMeterThread: Thread finished: 线程组 1-2
2019-06-11 09:05:10,110 INFO o.a.j.t.JMeterThread: Thread started: 线程组 1-3
2019-06-11 09:05:10,144 INFO o.a.j.t.JMeterThread: Thread is done: 线程组 1-3
2019-06-11 09:05:10,144 INFO o.a.j.t.JMeterThread: Thread finished: 线程组 1-3
2019-06-11 09:05:12,109 INFO o.a.j.t.JMeterThread: Thread started: 线程组 1-4
2019-06-11 09:05:12,148 INFO o.a.j.t.JMeterThread: Thread is done: 线程组 1-4
2019-06-11 09:05:12,148 INFO o.a.j.t.JMeterThread: Thread finished: 线程组 1-4
2019-06-11 09:05:14,107 INFO o.a.j.t.JMeterThread: Thread started: 线程组 1-5
2019-06-11 09:05:14,143 INFO o.a.j.t.JMeterThread: Thread is done: 线程组 1-5
2019-06-11 09:05:14,143 INFO o.a.j.t.JMeterThread: Thread finished: 线程组 1-5
2019-06-11 09:05:16,108 INFO o.a.j.t.JMeterThread: Thread started: 线程组 1-6
2019-06-11 09:05:16,143 INFO o.a.j.t.JMeterThread: Thread is done: 线程组 1-6
2019-06-11 09:05:16,144 INFO o.a.j.t.JMeterThread: Thread finished: 线程组 1-6
2019-06-11 09:05:18,108 INFO o.a.j.t.JMeterThread: Thread started: 线程组 1-7
2019-06-11 09:05:18,141 INFO o.a.j.t.JMeterThread: Thread is done: 线程组 1-7
2019-06-11 09:05:18,141 INFO o.a.j.t.JMeterThread: Thread finished: 线程组 1-7
2019-06-11 09:05:20,108 INFO o.a.j.t.JMeterThread: Thread started: 线程组 1-8
2019-06-11 09:05:20,145 INFO o.a.j.t.JMeterThread: Thread is done: 线程组 1-8
2019-06-11 09:05:20,145 INFO o.a.j.t.JMeterThread: Thread finished: 线程组 1-8
2019-06-11 09:05:22,107 INFO o.a.j.t.JMeterThread: Thread started: 线程组 1-9
2019-06-11 09:05:22,141 INFO o.a.j.t.JMeterThread: Thread is done: 线程组 1-9
2019-06-11 09:05:22,141 INFO o.a.j.t.JMeterThread: Thread finished: 线程组 1-9
2019-06-11 09:05:24,107 INFO o.a.j.t.JMeterThread: Thread started: 线程组 1-10
2019-06-11 09:05:24,144 INFO o.a.j.t.JMeterThread: Thread is done: 线程组 1-10
2019-06-11 09:05:24,145 INFO o.a.j.t.JMeterThread: Thread finished: 线程组 1-10
2019-06-11 09:05:24,145 INFO o.a.j.e.StandardJMeterEngine: Notifying test listeners of end of test
2019-06-11 09:05:24,145 INFO o.a.j.g.u.JMeterMenuBar: setRunning(false, *local*)
2019-06-11 09:05:29,893 INFO o.a.j.e.StandardJMeterEngine: Running the test!
2019-06-11 09:05:29,893 INFO o.a.j.s.SampleEvent: List of sample_variables: []
2019-06-11 09:05:29,894 INFO o.a.j.g.u.JMeterMenuBar: setRunning(true, *local*)
2019-06-11 09:05:30,011 INFO o.a.j.e.StandardJMeterEngine: Starting ThreadGroup: 1 : 线程组
2019-06-11 09:05:30,011 INFO o.a.j.e.StandardJMeterEngine: Starting 10 threads for group 线程组.
2019-06-11 09:05:30,011 INFO o.a.j.e.StandardJMeterEngine: Thread will continue on error
2019-06-11 09:05:30,011 INFO o.a.j.t.ThreadGroup: Starting thread group... number=1 threads=10 ramp-up=20 delayedStart=false
2019-06-11 09:05:30,012 INFO o.a.j.t.JMeterThread: Thread started: 线程组 1-1
2019-06-11 09:05:30,034 INFO o.a.j.t.ThreadGroup: Started thread group number 1
2019-06-11 09:05:30,034 INFO o.a.j.e.StandardJMeterEngine: All thread groups have been started
2019-06-11 09:05:30,053 INFO o.a.j.t.JMeterThread: Thread is done: 线程组 1-1
2019-06-11 09:05:30,053 INFO o.a.j.t.JMeterThread: Thread finished: 线程组 1-1
2019-06-11 09:05:32,021 INFO o.a.j.t.JMeterThread: Thread started: 线程组 1-2
2019-06-11 09:05:32,063 INFO o.a.j.t.JMeterThread: Thread is done: 线程组 1-2
2019-06-11 09:05:32,063 INFO o.a.j.t.JMeterThread: Thread finished: 线程组 1-2
2019-06-11 09:05:33,995 INFO o.a.j.g.a.Start: Stopping test
2019-06-11 09:05:34,000 INFO o.a.j.t.JMeterThread: Stopping: 线程组 1-9
2019-06-11 09:05:34,001 INFO o.a.j.t.JMeterThread: Stopping: 线程组 1-5
2019-06-11 09:05:34,001 INFO o.a.j.t.JMeterThread: Stopping: 线程组 1-4
2019-06-11 09:05:34,001 INFO o.a.j.t.JMeterThread: Stopping: 线程组 1-3
2019-06-11 09:05:34,001 INFO o.a.j.t.JMeterThread: Thread started: 线程组 1-9
2019-06-11 09:05:34,001 INFO o.a.j.t.JMeterThread: Stopping: 线程组 1-6
2019-06-11 09:05:34,001 INFO o.a.j.t.JMeterThread: Stopping: 线程组 1-10
2019-06-11 09:05:34,001 INFO o.a.j.t.JMeterThread: Thread started: 线程组 1-4
2019-06-11 09:05:34,001 INFO o.a.j.t.JMeterThread: Thread finished: 线程组 1-9
2019-06-11 09:05:34,001 INFO o.a.j.t.JMeterThread: Stopping: 线程组 1-7
2019-06-11 09:05:34,002 INFO o.a.j.t.JMeterThread: Thread finished: 线程组 1-4
2019-06-11 09:05:34,001 INFO o.a.j.t.JMeterThread: Thread started: 线程组 1-6
2019-06-11 09:05:34,002 INFO o.a.j.t.JMeterThread: Stopping: 线程组 1-8
2019-06-11 09:05:34,002 INFO o.a.j.t.JMeterThread: Thread started: 线程组 1-5
2019-06-11 09:05:34,003 INFO o.a.j.t.JMeterThread: Thread started: 线程组 1-8
2019-06-11 09:05:34,002 INFO o.a.j.t.JMeterThread: Thread finished: 线程组 1-6
2019-06-11 09:05:34,002 INFO o.a.j.t.JMeterThread: Thread started: 线程组 1-10
2019-06-11 09:05:34,003 INFO o.a.j.t.JMeterThread: Thread finished: 线程组 1-8
2019-06-11 09:05:34,003 INFO o.a.j.t.JMeterThread: Thread finished: 线程组 1-10
2019-06-11 09:05:34,001 INFO o.a.j.t.JMeterThread: Thread started: 线程组 1-3
2019-06-11 09:05:34,003 INFO o.a.j.t.JMeterThread: Thread finished: 线程组 1-5
2019-06-11 09:05:34,002 INFO o.a.j.t.JMeterThread: Thread started: 线程组 1-7
2019-06-11 09:05:34,004 INFO o.a.j.t.JMeterThread: Thread finished: 线程组 1-7
2019-06-11 09:05:34,003 INFO o.a.j.t.JMeterThread: Thread finished: 线程组 1-3
2019-06-11 09:05:34,006 INFO o.a.j.e.StandardJMeterEngine: Notifying test listeners of end of test
2019-06-11 09:05:34,006 INFO o.a.j.g.u.JMeterMenuBar: setRunning(false, *local*)
2019-06-11 09:05:48,245 INFO o.a.j.e.StandardJMeterEngine: Running the test!
2019-06-11 09:05:48,249 INFO o.a.j.s.SampleEvent: List of sample_variables: []
2019-06-11 09:05:48,250 INFO o.a.j.g.u.JMeterMenuBar: setRunning(true, *local*)
2019-06-11 09:05:48,253 INFO o.a.j.e.StandardJMeterEngine: Starting ThreadGroup: 1 : 线程组
2019-06-11 09:05:48,253 INFO o.a.j.e.StandardJMeterEngine: Starting 100 threads for group 线程组.
2019-06-11 09:05:48,253 INFO o.a.j.e.StandardJMeterEngine: Thread will continue on error
2019-06-11 09:05:48,253 INFO o.a.j.t.ThreadGroup: Starting thread group... number=1 threads=100 ramp-up=20 delayedStart=false
2019-06-11 09:05:48,254 INFO o.a.j.t.JMeterThread: Thread started: 线程组 1-1
2019-06-11 09:05:48,321 INFO o.a.j.t.JMeterThread: Thread is done: 线程组 1-1
2019-06-11 09:05:48,321 INFO o.a.j.t.JMeterThread: Thread finished: 线程组 1-1
2019-06-11 09:05:48,339 INFO o.a.j.t.ThreadGroup: Started thread group number 1
2019-06-11 09:05:48,339 INFO o.a.j.e.StandardJMeterEngine: All thread groups have been started
2019-06-11 09:05:48,457 INFO o.a.j.t.JMeterThread: Thread started: 线程组 1-2
2019-06-11 09:05:48,500 INFO o.a.j.t.JMeterThread: Thread is done: 线程组 1-2
2019-06-11 09:05:48,501 INFO o.a.j.t.JMeterThread: Thread finished: 线程组 1-2
2019-06-11 09:05:48,667 INFO o.a.j.t.JMeterThread: Thread started: 线程组 1-3
2019-06-11 09:05:48,703 INFO o.a.j.t.JMeterThread: Thread is done: 线程组 1-3
2019-06-11 09:05:48,703 INFO o.a.j.t.JMeterThread: Thread finished: 线程组 1-3
2019-06-11 09:05:48,855 INFO o.a.j.t.JMeterThread: Thread started: 线程组 1-4
2019-06-11 09:05:48,892 INFO o.a.j.t.JMeterThread: Thread is done: 线程组 1-4
2019-06-11 09:05:48,892 INFO o.a.j.t.JMeterThread: Thread finished: 线程组 1-4
2019-06-11 09:05:49,055 INFO o.a.j.t.JMeterThread: Thread started: 线程组 1-5
2019-06-11 09:05:49,091 INFO o.a.j.t.JMeterThread: Thread is done: 线程组 1-5
2019-06-11 09:05:49,091 INFO o.a.j.t.JMeterThread: Thread finished: 线程组 1-5
2019-06-11 09:05:49,258 INFO o.a.j.t.JMeterThread: Thread started: 线程组 1-6
2019-06-11 09:05:49,292 INFO o.a.j.t.JMeterThread: Thread is done: 线程组 1-6
2019-06-11 09:05:49,293 INFO o.a.j.t.JMeterThread: Thread finished: 线程组 1-6
2019-06-11 09:05:49,456 INFO o.a.j.t.JMeterThread: Thread started: 线程组 1-7
2019-06-11 09:05:49,490 INFO o.a.j.t.JMeterThread: Thread is done: 线程组 1-7
2019-06-11 09:05:49,491 INFO o.a.j.t.JMeterThread: Thread finished: 线程组 1-7
2019-06-11 09:05:49,661 INFO o.a.j.t.JMeterThread: Thread started: 线程组 1-8
2019-06-11 09:05:49,699 INFO o.a.j.t.JMeterThread: Thread is done: 线程组 1-8
2019-06-11 09:05:49,699 INFO o.a.j.t.JMeterThread: Thread finished: 线程组 1-8
2019-06-11 09:05:49,863 INFO o.a.j.t.JMeterThread: Thread started: 线程组 1-9
2019-06-11 09:05:49,897 INFO o.a.j.t.JMeterThread: Thread is done: 线程组 1-9
2019-06-11 09:05:49,897 INFO o.a.j.t.JMeterThread: Thread finished: 线程组 1-9
2019-06-11 09:05:50,067 INFO o.a.j.t.JMeterThread: Thread started: 线程组 1-10
2019-06-11 09:05:50,103 INFO o.a.j.t.JMeterThread: Thread is done: 线程组 1-10
2019-06-11 09:05:50,103 INFO o.a.j.t.JMeterThread: Thread finished: 线程组 1-10
2019-06-11 09:05:50,257 INFO o.a.j.t.JMeterThread: Thread started: 线程组 1-11
2019-06-11 09:05:50,287 INFO o.a.j.t.JMeterThread: Thread is done: 线程组 1-11
2019-06-11 09:05:50,287 INFO o.a.j.t.JMeterThread: Thread finished: 线程组 1-11
2019-06-11 09:05:50,455 INFO o.a.j.t.JMeterThread: Thread started: 线程组 1-12
2019-06-11 09:05:50,486 INFO o.a.j.t.JMeterThread: Thread is done: 线程组 1-12
2019-06-11 09:05:50,486 INFO o.a.j.t.JMeterThread: Thread finished: 线程组 1-12
2019-06-11 09:05:50,655 INFO o.a.j.t.JMeterThread: Thread started: 线程组 1-13
2019-06-11 09:05:50,685 INFO o.a.j.t.JMeterThread: Thread is done: 线程组 1-13
2019-06-11 09:05:50,685 INFO o.a.j.t.JMeterThread: Thread finished: 线程组 1-13
2019-06-11 09:05:50,855 INFO o.a.j.t.JMeterThread: Thread started: 线程组 1-14
2019-06-11 09:05:50,895 INFO o.a.j.t.JMeterThread: Thread is done: 线程组 1-14
2019-06-11 09:05:50,895 INFO o.a.j.t.JMeterThread: Thread finished: 线程组 1-14
2019-06-11 09:05:51,055 INFO o.a.j.t.JMeterThread: Thread started: 线程组 1-15
2019-06-11 09:05:51,088 INFO o.a.j.t.JMeterThread: Thread is done: 线程组 1-15
2019-06-11 09:05:51,088 INFO o.a.j.t.JMeterThread: Thread finished: 线程组 1-15
2019-06-11 09:05:51,254 INFO o.a.j.t.JMeterThread: Thread started: 线程组 1-16
2019-06-11 09:05:51,304 INFO o.a.j.t.JMeterThread: Thread is done: 线程组 1-16
2019-06-11 09:05:51,304 INFO o.a.j.t.JMeterThread: Thread finished: 线程组 1-16
2019-06-11 09:05:51,454 INFO o.a.j.t.JMeterThread: Thread started: 线程组 1-17
2019-06-11 09:05:51,490 INFO o.a.j.t.JMeterThread: Thread is done: 线程组 1-17
2019-06-11 09:05:51,490 INFO o.a.j.t.JMeterThread: Thread finished: 线程组 1-17
2019-06-11 09:05:51,655 INFO o.a.j.t.JMeterThread: Thread started: 线程组 1-18
2019-06-11 09:05:51,690 INFO o.a.j.t.JMeterThread: Thread is done: 线程组 1-18
2019-06-11 09:05:51,690 INFO o.a.j.t.JMeterThread: Thread finished: 线程组 1-18
2019-06-11 09:05:51,855 INFO o.a.j.t.JMeterThread: Thread started: 线程组 1-19
2019-06-11 09:05:51,888 INFO o.a.j.t.JMeterThread: Thread is done: 线程组 1-19
2019-06-11 09:05:51,889 INFO o.a.j.t.JMeterThread: Thread finished: 线程组 1-19
2019-06-11 09:05:52,054 INFO o.a.j.t.JMeterThread: Thread started: 线程组 1-20
2019-06-11 09:05:52,085 INFO o.a.j.t.JMeterThread: Thread is done: 线程组 1-20
2019-06-11 09:05:52,085 INFO o.a.j.t.JMeterThread: Thread finished: 线程组 1-20
2019-06-11 09:05:52,255 INFO o.a.j.t.JMeterThread: Thread started: 线程组 1-21
2019-06-11 09:05:52,294 INFO o.a.j.t.JMeterThread: Thread is done: 线程组 1-21
2019-06-11 09:05:52,294 INFO o.a.j.t.JMeterThread: Thread finished: 线程组 1-21
2019-06-11 09:05:52,454 INFO o.a.j.t.JMeterThread: Thread started: 线程组 1-22
2019-06-11 09:05:52,485 INFO o.a.j.t.JMeterThread: Thread is done: 线程组 1-22
2019-06-11 09:05:52,485 INFO o.a.j.t.JMeterThread: Thread finished: 线程组 1-22
2019-06-11 09:05:52,655 INFO o.a.j.t.JMeterThread: Thread started: 线程组 1-23
2019-06-11 09:05:52,684 INFO o.a.j.t.JMeterThread: Thread is done: 线程组 1-23
2019-06-11 09:05:52,684 INFO o.a.j.t.JMeterThread: Thread finished: 线程组 1-23
2019-06-11 09:05:52,854 INFO o.a.j.t.JMeterThread: Thread started: 线程组 1-24
2019-06-11 09:05:52,891 INFO o.a.j.t.JMeterThread: Thread is done: 线程组 1-24
2019-06-11 09:05:52,891 INFO o.a.j.t.JMeterThread: Thread finished: 线程组 1-24
2019-06-11 09:05:53,054 INFO o.a.j.t.JMeterThread: Thread started: 线程组 1-25
2019-06-11 09:05:53,087 INFO o.a.j.t.JMeterThread: Thread is done: 线程组 1-25
2019-06-11 09:05:53,087 INFO o.a.j.t.JMeterThread: Thread finished: 线程组 1-25
2019-06-11 09:05:53,255 INFO o.a.j.t.JMeterThread: Thread started: 线程组 1-26
2019-06-11 09:05:53,286 INFO o.a.j.t.JMeterThread: Thread is done: 线程组 1-26
2019-06-11 09:05:53,286 INFO o.a.j.t.JMeterThread: Thread finished: 线程组 1-26
2019-06-11 09:05:53,456 INFO o.a.j.t.JMeterThread: Thread started: 线程组 1-27
2019-06-11 09:05:53,484 INFO o.a.j.t.JMeterThread: Thread is done: 线程组 1-27
2019-06-11 09:05:53,484 INFO o.a.j.t.JMeterThread: Thread finished: 线程组 1-27
2019-06-11 09:05:53,655 INFO o.a.j.t.JMeterThread: Thread started: 线程组 1-28
2019-06-11 09:05:53,689 INFO o.a.j.t.JMeterThread: Thread is done: 线程组 1-28
2019-06-11 09:05:53,689 INFO o.a.j.t.JMeterThread: Thread finished: 线程组 1-28
2019-06-11 09:05:53,856 INFO o.a.j.t.JMeterThread: Thread started: 线程组 1-29
2019-06-11 09:05:53,885 INFO o.a.j.t.JMeterThread: Thread is done: 线程组 1-29
2019-06-11 09:05:53,885 INFO o.a.j.t.JMeterThread: Thread finished: 线程组 1-29
2019-06-11 09:05:54,058 INFO o.a.j.t.JMeterThread: Thread started: 线程组 1-30
2019-06-11 09:05:54,096 INFO o.a.j.t.JMeterThread: Thread is done: 线程组 1-30
2019-06-11 09:05:54,096 INFO o.a.j.t.JMeterThread: Thread finished: 线程组 1-30
2019-06-11 09:05:54,260 INFO o.a.j.t.JMeterThread: Thread started: 线程组 1-31
2019-06-11 09:05:54,296 INFO o.a.j.t.JMeterThread: Thread is done: 线程组 1-31
2019-06-11 09:05:54,297 INFO o.a.j.t.JMeterThread: Thread finished: 线程组 1-31
2019-06-11 09:05:54,454 INFO o.a.j.t.JMeterThread: Thread started: 线程组 1-32
2019-06-11 09:05:54,490 INFO o.a.j.t.JMeterThread: Thread is done: 线程组 1-32
2019-06-11 09:05:54,490 INFO o.a.j.t.JMeterThread: Thread finished: 线程组 1-32
2019-06-11 09:05:54,655 INFO o.a.j.t.JMeterThread: Thread started: 线程组 1-33
2019-06-11 09:05:54,682 INFO o.a.j.t.JMeterThread: Thread is done: 线程组 1-33
2019-06-11 09:05:54,683 INFO o.a.j.t.JMeterThread: Thread finished: 线程组 1-33
2019-06-11 09:05:54,855 INFO o.a.j.t.JMeterThread: Thread started: 线程组 1-34
2019-06-11 09:05:54,887 INFO o.a.j.t.JMeterThread: Thread is done: 线程组 1-34
2019-06-11 09:05:54,887 INFO o.a.j.t.JMeterThread: Thread finished: 线程组 1-34
2019-06-11 09:05:55,056 INFO o.a.j.t.JMeterThread: Thread started: 线程组 1-35
2019-06-11 09:05:55,088 INFO o.a.j.t.JMeterThread: Thread is done: 线程组 1-35
2019-06-11 09:05:55,088 INFO o.a.j.t.JMeterThread: Thread finished: 线程组 1-35
2019-06-11 09:05:55,254 INFO o.a.j.t.JMeterThread: Thread started: 线程组 1-36
2019-06-11 09:05:55,291 INFO o.a.j.t.JMeterThread: Thread is done: 线程组 1-36
2019-06-11 09:05:55,291 INFO o.a.j.t.JMeterThread: Thread finished: 线程组 1-36
2019-06-11 09:05:55,454 INFO o.a.j.t.JMeterThread: Thread started: 线程组 1-37
2019-06-11 09:05:55,483 INFO o.a.j.t.JMeterThread: Thread is done: 线程组 1-37
2019-06-11 09:05:55,484 INFO o.a.j.t.JMeterThread: Thread finished: 线程组 1-37
2019-06-11 09:05:55,654 INFO o.a.j.t.JMeterThread: Thread started: 线程组 1-38
2019-06-11 09:05:55,685 INFO o.a.j.t.JMeterThread: Thread is done: 线程组 1-38
2019-06-11 09:05:55,685 INFO o.a.j.t.JMeterThread: Thread finished: 线程组 1-38
2019-06-11 09:05:55,856 INFO o.a.j.t.JMeterThread: Thread started: 线程组 1-39
2019-06-11 09:05:55,883 INFO o.a.j.t.JMeterThread: Thread is done: 线程组 1-39
2019-06-11 09:05:55,883 INFO o.a.j.t.JMeterThread: Thread finished: 线程组 1-39
2019-06-11 09:05:56,056 INFO o.a.j.t.JMeterThread: Thread started: 线程组 1-40
2019-06-11 09:05:56,110 INFO o.a.j.t.JMeterThread: Thread is done: 线程组 1-40
2019-06-11 09:05:56,110 INFO o.a.j.t.JMeterThread: Thread finished: 线程组 1-40
2019-06-11 09:05:56,255 INFO o.a.j.t.JMeterThread: Thread started: 线程组 1-41
2019-06-11 09:05:56,278 INFO o.a.j.t.JMeterThread: Thread is done: 线程组 1-41
2019-06-11 09:05:56,279 INFO o.a.j.t.JMeterThread: Thread finished: 线程组 1-41
2019-06-11 09:05:56,456 INFO o.a.j.t.JMeterThread: Thread started: 线程组 1-42
2019-06-11 09:05:56,488 INFO o.a.j.t.JMeterThread: Thread is done: 线程组 1-42
2019-06-11 09:05:56,488 INFO o.a.j.t.JMeterThread: Thread finished: 线程组 1-42
2019-06-11 09:05:56,654 INFO o.a.j.t.JMeterThread: Thread started: 线程组 1-43
2019-06-11 09:05:56,683 INFO o.a.j.t.JMeterThread: Thread is done: 线程组 1-43
2019-06-11 09:05:56,683 INFO o.a.j.t.JMeterThread: Thread finished: 线程组 1-43
2019-06-11 09:05:56,854 INFO o.a.j.t.JMeterThread: Thread started: 线程组 1-44
2019-06-11 09:05:56,882 INFO o.a.j.t.JMeterThread: Thread is done: 线程组 1-44
2019-06-11 09:05:56,882 INFO o.a.j.t.JMeterThread: Thread finished: 线程组 1-44
2019-06-11 09:05:57,054 INFO o.a.j.t.JMeterThread: Thread started: 线程组 1-45
2019-06-11 09:05:57,086 INFO o.a.j.t.JMeterThread: Thread is done: 线程组 1-45
2019-06-11 09:05:57,086 INFO o.a.j.t.JMeterThread: Thread finished: 线程组 1-45
2019-06-11 09:05:57,255 INFO o.a.j.t.JMeterThread: Thread started: 线程组 1-46
2019-06-11 09:05:57,287 INFO o.a.j.t.JMeterThread: Thread is done: 线程组 1-46
2019-06-11 09:05:57,287 INFO o.a.j.t.JMeterThread: Thread finished: 线程组 1-46
2019-06-11 09:05:57,456 INFO o.a.j.t.JMeterThread: Thread started: 线程组 1-47
2019-06-11 09:05:57,484 INFO o.a.j.t.JMeterThread: Thread is done: 线程组 1-47
2019-06-11 09:05:57,485 INFO o.a.j.t.JMeterThread: Thread finished: 线程组 1-47
2019-06-11 09:05:57,654 INFO o.a.j.t.JMeterThread: Thread started: 线程组 1-48
2019-06-11 09:05:57,688 INFO o.a.j.t.JMeterThread: Thread is done: 线程组 1-48
2019-06-11 09:05:57,689 INFO o.a.j.t.JMeterThread: Thread finished: 线程组 1-48
2019-06-11 09:05:57,854 INFO o.a.j.t.JMeterThread: Thread started: 线程组 1-49
2019-06-11 09:05:57,879 INFO o.a.j.t.JMeterThread: Thread is done: 线程组 1-49
2019-06-11 09:05:57,880 INFO o.a.j.t.JMeterThread: Thread finished: 线程组 1-49
2019-06-11 09:05:58,054 INFO o.a.j.t.JMeterThread: Thread started: 线程组 1-50
2019-06-11 09:05:58,082 INFO o.a.j.t.JMeterThread: Thread is done: 线程组 1-50
2019-06-11 09:05:58,082 INFO o.a.j.t.JMeterThread: Thread finished: 线程组 1-50
2019-06-11 09:05:58,254 INFO o.a.j.t.JMeterThread: Thread started: 线程组 1-51
2019-06-11 09:05:58,278 INFO o.a.j.t.JMeterThread: Thread is done: 线程组 1-51
2019-06-11 09:05:58,278 INFO o.a.j.t.JMeterThread: Thread finished: 线程组 1-51
2019-06-11 09:05:58,456 INFO o.a.j.t.JMeterThread: Thread started: 线程组 1-52
2019-06-11 09:05:58,484 INFO o.a.j.t.JMeterThread: Thread is done: 线程组 1-52
2019-06-11 09:05:58,484 INFO o.a.j.t.JMeterThread: Thread finished: 线程组 1-52
2019-06-11 09:05:58,658 INFO o.a.j.t.JMeterThread: Thread started: 线程组 1-53
2019-06-11 09:05:58,688 INFO o.a.j.t.JMeterThread: Thread is done: 线程组 1-53
2019-06-11 09:05:58,688 INFO o.a.j.t.JMeterThread: Thread finished: 线程组 1-53
2019-06-11 09:05:58,857 INFO o.a.j.t.JMeterThread: Thread started: 线程组 1-54
2019-06-11 09:05:58,891 INFO o.a.j.t.JMeterThread: Thread is done: 线程组 1-54
2019-06-11 09:05:58,891 INFO o.a.j.t.JMeterThread: Thread finished: 线程组 1-54
2019-06-11 09:05:59,055 INFO o.a.j.t.JMeterThread: Thread started: 线程组 1-55
2019-06-11 09:05:59,088 INFO o.a.j.t.JMeterThread: Thread is done: 线程组 1-55
2019-06-11 09:05:59,088 INFO o.a.j.t.JMeterThread: Thread finished: 线程组 1-55
2019-06-11 09:05:59,255 INFO o.a.j.t.JMeterThread: Thread started: 线程组 1-56
2019-06-11 09:05:59,300 INFO o.a.j.t.JMeterThread: Thread is done: 线程组 1-56
2019-06-11 09:05:59,300 INFO o.a.j.t.JMeterThread: Thread finished: 线程组 1-56
2019-06-11 09:05:59,455 INFO o.a.j.t.JMeterThread: Thread started: 线程组 1-57
2019-06-11 09:05:59,479 INFO o.a.j.t.JMeterThread: Thread is done: 线程组 1-57
2019-06-11 09:05:59,480 INFO o.a.j.t.JMeterThread: Thread finished: 线程组 1-57
2019-06-11 09:05:59,657 INFO o.a.j.t.JMeterThread: Thread started: 线程组 1-58
2019-06-11 09:05:59,684 INFO o.a.j.t.JMeterThread: Thread is done: 线程组 1-58
2019-06-11 09:05:59,684 INFO o.a.j.t.JMeterThread: Thread finished: 线程组 1-58
2019-06-11 09:05:59,857 INFO o.a.j.t.JMeterThread: Thread started: 线程组 1-59
2019-06-11 09:05:59,887 INFO o.a.j.t.JMeterThread: Thread is done: 线程组 1-59
2019-06-11 09:05:59,887 INFO o.a.j.t.JMeterThread: Thread finished: 线程组 1-59
2019-06-11 09:06:00,059 INFO o.a.j.t.JMeterThread: Thread started: 线程组 1-60
2019-06-11 09:06:00,087 INFO o.a.j.t.JMeterThread: Thread is done: 线程组 1-60
2019-06-11 09:06:00,087 INFO o.a.j.t.JMeterThread: Thread finished: 线程组 1-60
2019-06-11 09:06:00,257 INFO o.a.j.t.JMeterThread: Thread started: 线程组 1-61
2019-06-11 09:06:00,280 INFO o.a.j.t.JMeterThread: Thread is done: 线程组 1-61
2019-06-11 09:06:00,280 INFO o.a.j.t.JMeterThread: Thread finished: 线程组 1-61
2019-06-11 09:06:00,457 INFO o.a.j.t.JMeterThread: Thread started: 线程组 1-62
2019-06-11 09:06:00,488 INFO o.a.j.t.JMeterThread: Thread is done: 线程组 1-62
2019-06-11 09:06:00,489 INFO o.a.j.t.JMeterThread: Thread finished: 线程组 1-62
2019-06-11 09:06:00,656 INFO o.a.j.t.JMeterThread: Thread started: 线程组 1-63
2019-06-11 09:06:00,687 INFO o.a.j.t.JMeterThread: Thread is done: 线程组 1-63
2019-06-11 09:06:00,687 INFO o.a.j.t.JMeterThread: Thread finished: 线程组 1-63
2019-06-11 09:06:00,855 INFO o.a.j.t.JMeterThread: Thread started: 线程组 1-64
2019-06-11 09:06:00,884 INFO o.a.j.t.JMeterThread: Thread is done: 线程组 1-64
2019-06-11 09:06:00,884 INFO o.a.j.t.JMeterThread: Thread finished: 线程组 1-64
2019-06-11 09:06:01,055 INFO o.a.j.t.JMeterThread: Thread started: 线程组 1-65
2019-06-11 09:06:01,086 INFO o.a.j.t.JMeterThread: Thread is done: 线程组 1-65
2019-06-11 09:06:01,086 INFO o.a.j.t.JMeterThread: Thread finished: 线程组 1-65
2019-06-11 09:06:01,254 INFO o.a.j.t.JMeterThread: Thread started: 线程组 1-66
2019-06-11 09:06:01,283 INFO o.a.j.t.JMeterThread: Thread is done: 线程组 1-66
2019-06-11 09:06:01,283 INFO o.a.j.t.JMeterThread: Thread finished: 线程组 1-66
2019-06-11 09:06:01,455 INFO o.a.j.t.JMeterThread: Thread started: 线程组 1-67
2019-06-11 09:06:01,486 INFO o.a.j.t.JMeterThread: Thread is done: 线程组 1-67
2019-06-11 09:06:01,486 INFO o.a.j.t.JMeterThread: Thread finished: 线程组 1-67
2019-06-11 09:06:01,655 INFO o.a.j.t.JMeterThread: Thread started: 线程组 1-68
2019-06-11 09:06:01,680 INFO o.a.j.t.JMeterThread: Thread is done: 线程组 1-68
2019-06-11 09:06:01,680 INFO o.a.j.t.JMeterThread: Thread finished: 线程组 1-68
2019-06-11 09:06:01,855 INFO o.a.j.t.JMeterThread: Thread started: 线程组 1-69
2019-06-11 09:06:01,880 INFO o.a.j.t.JMeterThread: Thread is done: 线程组 1-69
2019-06-11 09:06:01,880 INFO o.a.j.t.JMeterThread: Thread finished: 线程组 1-69
2019-06-11 09:06:02,054 INFO o.a.j.t.JMeterThread: Thread started: 线程组 1-70
2019-06-11 09:06:02,081 INFO o.a.j.t.JMeterThread: Thread is done: 线程组 1-70
2019-06-11 09:06:02,081 INFO o.a.j.t.JMeterThread: Thread finished: 线程组 1-70
2019-06-11 09:06:02,254 INFO o.a.j.t.JMeterThread: Thread started: 线程组 1-71
2019-06-11 09:06:02,295 INFO o.a.j.t.JMeterThread: Thread is done: 线程组 1-71
2019-06-11 09:06:02,295 INFO o.a.j.t.JMeterThread: Thread finished: 线程组 1-71
2019-06-11 09:06:02,455 INFO o.a.j.t.JMeterThread: Thread started: 线程组 1-72
2019-06-11 09:06:02,485 INFO o.a.j.t.JMeterThread: Thread is done: 线程组 1-72
2019-06-11 09:06:02,485 INFO o.a.j.t.JMeterThread: Thread finished: 线程组 1-72
2019-06-11 09:06:02,654 INFO o.a.j.t.JMeterThread: Thread started: 线程组 1-73
2019-06-11 09:06:02,681 INFO o.a.j.t.JMeterThread: Thread is done: 线程组 1-73
2019-06-11 09:06:02,681 INFO o.a.j.t.JMeterThread: Thread finished: 线程组 1-73
2019-06-11 09:06:02,855 INFO o.a.j.t.JMeterThread: Thread started: 线程组 1-74
2019-06-11 09:06:02,884 INFO o.a.j.t.JMeterThread: Thread is done: 线程组 1-74
2019-06-11 09:06:02,885 INFO o.a.j.t.JMeterThread: Thread finished: 线程组 1-74
2019-06-11 09:06:03,054 INFO o.a.j.t.JMeterThread: Thread started: 线程组 1-75
2019-06-11 09:06:03,081 INFO o.a.j.t.JMeterThread: Thread is done: 线程组 1-75
2019-06-11 09:06:03,081 INFO o.a.j.t.JMeterThread: Thread finished: 线程组 1-75
2019-06-11 09:06:03,254 INFO o.a.j.t.JMeterThread: Thread started: 线程组 1-76
2019-06-11 09:06:03,279 INFO o.a.j.t.JMeterThread: Thread is done: 线程组 1-76
2019-06-11 09:06:03,279 INFO o.a.j.t.JMeterThread: Thread finished: 线程组 1-76
2019-06-11 09:06:03,455 INFO o.a.j.t.JMeterThread: Thread started: 线程组 1-77
2019-06-11 09:06:03,481 INFO o.a.j.t.JMeterThread: Thread is done: 线程组 1-77
2019-06-11 09:06:03,481 INFO o.a.j.t.JMeterThread: Thread finished: 线程组 1-77
2019-06-11 09:06:03,655 INFO o.a.j.t.JMeterThread: Thread started: 线程组 1-78
2019-06-11 09:06:03,684 INFO o.a.j.t.JMeterThread: Thread is done: 线程组 1-78
2019-06-11 09:06:03,685 INFO o.a.j.t.JMeterThread: Thread finished: 线程组 1-78
2019-06-11 09:06:03,855 INFO o.a.j.t.JMeterThread: Thread started: 线程组 1-79
2019-06-11 09:06:03,883 INFO o.a.j.t.JMeterThread: Thread is done: 线程组 1-79
2019-06-11 09:06:03,884 INFO o.a.j.t.JMeterThread: Thread finished: 线程组 1-79
2019-06-11 09:06:04,055 INFO o.a.j.t.JMeterThread: Thread started: 线程组 1-80
2019-06-11 09:06:04,080 INFO o.a.j.t.JMeterThread: Thread is done: 线程组 1-80
2019-06-11 09:06:04,081 INFO o.a.j.t.JMeterThread: Thread finished: 线程组 1-80
2019-06-11 09:06:04,254 INFO o.a.j.t.JMeterThread: Thread started: 线程组 1-81
2019-06-11 09:06:04,282 INFO o.a.j.t.JMeterThread: Thread is done: 线程组 1-81
2019-06-11 09:06:04,282 INFO o.a.j.t.JMeterThread: Thread finished: 线程组 1-81
2019-06-11 09:06:04,455 INFO o.a.j.t.JMeterThread: Thread started: 线程组 1-82
2019-06-11 09:06:04,481 INFO o.a.j.t.JMeterThread: Thread is done: 线程组 1-82
2019-06-11 09:06:04,481 INFO o.a.j.t.JMeterThread: Thread finished: 线程组 1-82
2019-06-11 09:06:04,654 INFO o.a.j.t.JMeterThread: Thread started: 线程组 1-83
2019-06-11 09:06:04,682 INFO o.a.j.t.JMeterThread: Thread is done: 线程组 1-83
2019-06-11 09:06:04,682 INFO o.a.j.t.JMeterThread: Thread finished: 线程组 1-83
2019-06-11 09:06:04,854 INFO o.a.j.t.JMeterThread: Thread started: 线程组 1-84
2019-06-11 09:06:04,888 INFO o.a.j.t.JMeterThread: Thread is done: 线程组 1-84
2019-06-11 09:06:04,888 INFO o.a.j.t.JMeterThread: Thread finished: 线程组 1-84
2019-06-11 09:06:05,055 INFO o.a.j.t.JMeterThread: Thread started: 线程组 1-85
2019-06-11 09:06:05,083 INFO o.a.j.t.JMeterThread: Thread is done: 线程组 1-85
2019-06-11 09:06:05,083 INFO o.a.j.t.JMeterThread: Thread finished: 线程组 1-85
2019-06-11 09:06:05,255 INFO o.a.j.t.JMeterThread: Thread started: 线程组 1-86
2019-06-11 09:06:05,305 INFO o.a.j.t.JMeterThread: Thread is done: 线程组 1-86
2019-06-11 09:06:05,305 INFO o.a.j.t.JMeterThread: Thread finished: 线程组 1-86
2019-06-11 09:06:05,455 INFO o.a.j.t.JMeterThread: Thread started: 线程组 1-87
2019-06-11 09:06:05,482 INFO o.a.j.t.JMeterThread: Thread is done: 线程组 1-87
2019-06-11 09:06:05,482 INFO o.a.j.t.JMeterThread: Thread finished: 线程组 1-87
2019-06-11 09:06:05,655 INFO o.a.j.t.JMeterThread: Thread started: 线程组 1-88
2019-06-11 09:06:05,684 INFO o.a.j.t.JMeterThread: Thread is done: 线程组 1-88
2019-06-11 09:06:05,684 INFO o.a.j.t.JMeterThread: Thread finished: 线程组 1-88
2019-06-11 09:06:05,854 INFO o.a.j.t.JMeterThread: Thread started: 线程组 1-89
2019-06-11 09:06:05,874 INFO o.a.j.t.JMeterThread: Thread is done: 线程组 1-89
2019-06-11 09:06:05,874 INFO o.a.j.t.JMeterThread: Thread finished: 线程组 1-89
2019-06-11 09:06:06,057 INFO o.a.j.t.JMeterThread: Thread started: 线程组 1-90
2019-06-11 09:06:06,083 INFO o.a.j.t.JMeterThread: Thread is done: 线程组 1-90
2019-06-11 09:06:06,083 INFO o.a.j.t.JMeterThread: Thread finished: 线程组 1-90
2019-06-11 09:06:06,257 INFO o.a.j.t.JMeterThread: Thread started: 线程组 1-91
2019-06-11 09:06:06,284 INFO o.a.j.t.JMeterThread: Thread is done: 线程组 1-91
2019-06-11 09:06:06,284 INFO o.a.j.t.JMeterThread: Thread finished: 线程组 1-91
2019-06-11 09:06:06,455 INFO o.a.j.t.JMeterThread: Thread started: 线程组 1-92
2019-06-11 09:06:06,484 INFO o.a.j.t.JMeterThread: Thread is done: 线程组 1-92
2019-06-11 09:06:06,484 INFO o.a.j.t.JMeterThread: Thread finished: 线程组 1-92
2019-06-11 09:06:06,654 INFO o.a.j.t.JMeterThread: Thread started: 线程组 1-93
2019-06-11 09:06:06,678 INFO o.a.j.t.JMeterThread: Thread is done: 线程组 1-93
2019-06-11 09:06:06,679 INFO o.a.j.t.JMeterThread: Thread finished: 线程组 1-93
2019-06-11 09:06:06,855 INFO o.a.j.t.JMeterThread: Thread started: 线程组 1-94
2019-06-11 09:06:06,885 INFO o.a.j.t.JMeterThread: Thread is done: 线程组 1-94
2019-06-11 09:06:06,885 INFO o.a.j.t.JMeterThread: Thread finished: 线程组 1-94
2019-06-11 09:06:07,056 INFO o.a.j.t.JMeterThread: Thread started: 线程组 1-95
2019-06-11 09:06:07,080 INFO o.a.j.t.JMeterThread: Thread is done: 线程组 1-95
2019-06-11 09:06:07,080 INFO o.a.j.t.JMeterThread: Thread finished: 线程组 1-95
2019-06-11 09:06:07,256 INFO o.a.j.t.JMeterThread: Thread started: 线程组 1-96
2019-06-11 09:06:07,287 INFO o.a.j.t.JMeterThread: Thread is done: 线程组 1-96
2019-06-11 09:06:07,287 INFO o.a.j.t.JMeterThread: Thread finished: 线程组 1-96
2019-06-11 09:06:07,454 INFO o.a.j.t.JMeterThread: Thread started: 线程组 1-97
2019-06-11 09:06:07,480 INFO o.a.j.t.JMeterThread: Thread is done: 线程组 1-97
2019-06-11 09:06:07,480 INFO o.a.j.t.JMeterThread: Thread finished: 线程组 1-97
2019-06-11 09:06:07,654 INFO o.a.j.t.JMeterThread: Thread started: 线程组 1-98
2019-06-11 09:06:07,682 INFO o.a.j.t.JMeterThread: Thread is done: 线程组 1-98
2019-06-11 09:06:07,682 INFO o.a.j.t.JMeterThread: Thread finished: 线程组 1-98
2019-06-11 09:06:07,856 INFO o.a.j.t.JMeterThread: Thread started: 线程组 1-99
2019-06-11 09:06:07,885 INFO o.a.j.t.JMeterThread: Thread is done: 线程组 1-99
2019-06-11 09:06:07,885 INFO o.a.j.t.JMeterThread: Thread finished: 线程组 1-99
2019-06-11 09:06:08,054 INFO o.a.j.t.JMeterThread: Thread started: 线程组 1-100
2019-06-11 09:06:08,087 INFO o.a.j.t.JMeterThread: Thread is done: 线程组 1-100
2019-06-11 09:06:08,087 INFO o.a.j.t.JMeterThread: Thread finished: 线程组 1-100
2019-06-11 09:06:08,087 INFO o.a.j.e.StandardJMeterEngine: Notifying test listeners of end of test
2019-06-11 09:06:08,088 INFO o.a.j.g.u.JMeterMenuBar: setRunning(false, *local*)
2019-06-11 09:06:30,055 INFO o.a.j.e.StandardJMeterEngine: Running the test!
2019-06-11 09:06:30,056 INFO o.a.j.s.SampleEvent: List of sample_variables: []
2019-06-11 09:06:30,056 INFO o.a.j.g.u.JMeterMenuBar: setRunning(true, *local*)
2019-06-11 09:06:30,271 INFO o.a.j.e.StandardJMeterEngine: Starting ThreadGroup: 1 : 线程组
2019-06-11 09:06:30,271 INFO o.a.j.e.StandardJMeterEngine: Starting 100 threads for group 线程组.
2019-06-11 09:06:30,271 INFO o.a.j.e.StandardJMeterEngine: Thread will continue on error
2019-06-11 09:06:30,271 INFO o.a.j.t.ThreadGroup: Starting thread group... number=1 threads=100 ramp-up=20 delayedStart=false
2019-06-11 09:06:30,272 INFO o.a.j.t.JMeterThread: Thread started: 线程组 1-1
2019-06-11 09:06:30,318 INFO o.a.j.t.JMeterThread: Thread is done: 线程组 1-1
2019-06-11 09:06:30,318 INFO o.a.j.t.JMeterThread: Thread finished: 线程组 1-1
2019-06-11 09:06:30,335 INFO o.a.j.t.ThreadGroup: Started thread group number 1
2019-06-11 09:06:30,335 INFO o.a.j.e.StandardJMeterEngine: All thread groups have been started
2019-06-11 09:06:30,474 INFO o.a.j.t.JMeterThread: Thread started: 线程组 1-2
2019-06-11 09:06:30,501 INFO o.a.j.t.JMeterThread: Thread is done: 线程组 1-2
2019-06-11 09:06:30,501 INFO o.a.j.t.JMeterThread: Thread finished: 线程组 1-2
2019-06-11 09:06:30,672 INFO o.a.j.t.JMeterThread: Thread started: 线程组 1-3
2019-06-11 09:06:30,701 INFO o.a.j.t.JMeterThread: Thread is done: 线程组 1-3
2019-06-11 09:06:30,701 INFO o.a.j.t.JMeterThread: Thread finished: 线程组 1-3
2019-06-11 09:06:30,876 INFO o.a.j.t.JMeterThread: Thread started: 线程组 1-4
2019-06-11 09:06:30,921 INFO o.a.j.t.JMeterThread: Thread is done: 线程组 1-4
2019-06-11 09:06:30,921 INFO o.a.j.t.JMeterThread: Thread finished: 线程组 1-4
2019-06-11 09:06:31,072 INFO o.a.j.t.JMeterThread: Thread started: 线程组 1-5
2019-06-11 09:06:31,096 INFO o.a.j.t.JMeterThread: Thread is done: 线程组 1-5
2019-06-11 09:06:31,096 INFO o.a.j.t.JMeterThread: Thread finished: 线程组 1-5
2019-06-11 09:06:31,272 INFO o.a.j.t.JMeterThread: Thread started: 线程组 1-6
2019-06-11 09:06:31,299 INFO o.a.j.t.JMeterThread: Thread is done: 线程组 1-6
2019-06-11 09:06:31,299 INFO o.a.j.t.JMeterThread: Thread finished: 线程组 1-6
2019-06-11 09:06:31,471 INFO o.a.j.t.JMeterThread: Thread started: 线程组 1-7
2019-06-11 09:06:31,501 INFO o.a.j.t.JMeterThread: Thread is done: 线程组 1-7
2019-06-11 09:06:31,501 INFO o.a.j.t.JMeterThread: Thread finished: 线程组 1-7
2019-06-11 09:06:31,672 INFO o.a.j.t.JMeterThread: Thread started: 线程组 1-8
2019-06-11 09:06:31,702 INFO o.a.j.t.JMeterThread: Thread is done: 线程组 1-8
2019-06-11 09:06:31,703 INFO o.a.j.t.JMeterThread: Thread finished: 线程组 1-8
2019-06-11 09:06:31,887 INFO o.a.j.t.JMeterThread: Thread started: 线程组 1-9
2019-06-11 09:06:31,914 INFO o.a.j.t.JMeterThread: Thread is done: 线程组 1-9
2019-06-11 09:06:31,915 INFO o.a.j.t.JMeterThread: Thread finished: 线程组 1-9
2019-06-11 09:06:32,072 INFO o.a.j.t.JMeterThread: Thread started: 线程组 1-10
2019-06-11 09:06:32,094 INFO o.a.j.t.JMeterThread: Thread is done: 线程组 1-10
2019-06-11 09:06:32,094 INFO o.a.j.t.JMeterThread: Thread finished: 线程组 1-10
2019-06-11 09:06:32,286 INFO o.a.j.t.JMeterThread: Thread started: 线程组 1-11
2019-06-11 09:06:32,308 INFO o.a.j.t.JMeterThread: Thread is done: 线程组 1-11
2019-06-11 09:06:32,308 INFO o.a.j.t.JMeterThread: Thread finished: 线程组 1-11
2019-06-11 09:06:32,483 INFO o.a.j.t.JMeterThread: Thread started: 线程组 1-12
2019-06-11 09:06:32,511 INFO o.a.j.t.JMeterThread: Thread is done: 线程组 1-12
2019-06-11 09:06:32,512 INFO o.a.j.t.JMeterThread: Thread finished: 线程组 1-12
2019-06-11 09:06:32,687 INFO o.a.j.t.JMeterThread: Thread started: 线程组 1-13
2019-06-11 09:06:32,717 INFO o.a.j.t.JMeterThread: Thread is done: 线程组 1-13
2019-06-11 09:06:32,717 INFO o.a.j.t.JMeterThread: Thread finished: 线程组 1-13
2019-06-11 09:06:32,874 INFO o.a.j.t.JMeterThread: Thread started: 线程组 1-14
2019-06-11 09:06:32,915 INFO o.a.j.t.JMeterThread: Thread is done: 线程组 1-14
2019-06-11 09:06:32,915 INFO o.a.j.t.JMeterThread: Thread finished: 线程组 1-14
2019-06-11 09:06:33,071 INFO o.a.j.t.JMeterThread: Thread started: 线程组 1-15
2019-06-11 09:06:33,094 INFO o.a.j.t.JMeterThread: Thread is done: 线程组 1-15
2019-06-11 09:06:33,094 INFO o.a.j.t.JMeterThread: Thread finished: 线程组 1-15
2019-06-11 09:06:33,272 INFO o.a.j.t.JMeterThread: Thread started: 线程组 1-16
2019-06-11 09:06:33,291 INFO o.a.j.t.JMeterThread: Thread is done: 线程组 1-16
2019-06-11 09:06:33,291 INFO o.a.j.t.JMeterThread: Thread finished: 线程组 1-16
2019-06-11 09:06:33,476 INFO o.a.j.t.JMeterThread: Thread started: 线程组 1-17
2019-06-11 09:06:33,501 INFO o.a.j.t.JMeterThread: Thread is done: 线程组 1-17
2019-06-11 09:06:33,501 INFO o.a.j.t.JMeterThread: Thread finished: 线程组 1-17
2019-06-11 09:06:33,672 INFO o.a.j.t.JMeterThread: Thread started: 线程组 1-18
2019-06-11 09:06:33,702 INFO o.a.j.t.JMeterThread: Thread is done: 线程组 1-18
2019-06-11 09:06:33,702 INFO o.a.j.t.JMeterThread: Thread finished: 线程组 1-18
2019-06-11 09:06:33,872 INFO o.a.j.t.JMeterThread: Thread started: 线程组 1-19
2019-06-11 09:06:33,900 INFO o.a.j.t.JMeterThread: Thread is done: 线程组 1-19
2019-06-11 09:06:33,900 INFO o.a.j.t.JMeterThread: Thread finished: 线程组 1-19
2019-06-11 09:06:34,071 INFO o.a.j.t.JMeterThread: Thread started: 线程组 1-20
2019-06-11 09:06:34,099 INFO o.a.j.t.JMeterThread: Thread is done: 线程组 1-20
2019-06-11 09:06:34,099 INFO o.a.j.t.JMeterThread: Thread finished: 线程组 1-20
2019-06-11 09:06:34,273 INFO o.a.j.t.JMeterThread: Thread started: 线程组 1-21
2019-06-11 09:06:34,291 INFO o.a.j.t.JMeterThread: Thread is done: 线程组 1-21
2019-06-11 09:06:34,292 INFO o.a.j.t.JMeterThread: Thread finished: 线程组 1-21
2019-06-11 09:06:34,476 INFO o.a.j.t.JMeterThread: Thread started: 线程组 1-22
2019-06-11 09:06:34,499 INFO o.a.j.t.JMeterThread: Thread is done: 线程组 1-22
2019-06-11 09:06:34,499 INFO o.a.j.t.JMeterThread: Thread finished: 线程组 1-22
2019-06-11 09:06:34,672 INFO o.a.j.t.JMeterThread: Thread started: 线程组 1-23
2019-06-11 09:06:34,697 INFO o.a.j.t.JMeterThread: Thread is done: 线程组 1-23
2019-06-11 09:06:34,697 INFO o.a.j.t.JMeterThread: Thread finished: 线程组 1-23
2019-06-11 09:06:34,872 INFO o.a.j.t.JMeterThread: Thread started: 线程组 1-24
2019-06-11 09:06:34,897 INFO o.a.j.t.JMeterThread: Thread is done: 线程组 1-24
2019-06-11 09:06:34,897 INFO o.a.j.t.JMeterThread: Thread finished: 线程组 1-24
2019-06-11 09:06:35,071 INFO o.a.j.t.JMeterThread: Thread started: 线程组 1-25
2019-06-11 09:06:35,098 INFO o.a.j.t.JMeterThread: Thread is done: 线程组 1-25
2019-06-11 09:06:35,098 INFO o.a.j.t.JMeterThread: Thread finished: 线程组 1-25
2019-06-11 09:06:35,272 INFO o.a.j.t.JMeterThread: Thread started: 线程组 1-26
2019-06-11 09:06:35,295 INFO o.a.j.t.JMeterThread: Thread is done: 线程组 1-26
2019-06-11 09:06:35,295 INFO o.a.j.t.JMeterThread: Thread finished: 线程组 1-26
2019-06-11 09:06:35,471 INFO o.a.j.t.JMeterThread: Thread started: 线程组 1-27
2019-06-11 09:06:35,496 INFO o.a.j.t.JMeterThread: Thread is done: 线程组 1-27
2019-06-11 09:06:35,496 INFO o.a.j.t.JMeterThread: Thread finished: 线程组 1-27
2019-06-11 09:06:35,671 INFO o.a.j.t.JMeterThread: Thread started: 线程组 1-28
2019-06-11 09:06:35,700 INFO o.a.j.t.JMeterThread: Thread is done: 线程组 1-28
2019-06-11 09:06:35,700 INFO o.a.j.t.JMeterThread: Thread finished: 线程组 1-28
2019-06-11 09:06:35,872 INFO o.a.j.t.JMeterThread: Thread started: 线程组 1-29
2019-06-11 09:06:35,895 INFO o.a.j.t.JMeterThread: Thread is done: 线程组 1-29
2019-06-11 09:06:35,895 INFO o.a.j.t.JMeterThread: Thread finished: 线程组 1-29
2019-06-11 09:06:36,072 INFO o.a.j.t.JMeterThread: Thread started: 线程组 1-30
2019-06-11 09:06:36,097 INFO o.a.j.t.JMeterThread: Thread is done: 线程组 1-30
2019-06-11 09:06:36,097 INFO o.a.j.t.JMeterThread: Thread finished: 线程组 1-30
2019-06-11 09:06:36,272 INFO o.a.j.t.JMeterThread: Thread started: 线程组 1-31
2019-06-11 09:06:36,297 INFO o.a.j.t.JMeterThread: Thread is done: 线程组 1-31
2019-06-11 09:06:36,300 INFO o.a.j.t.JMeterThread: Thread finished: 线程组 1-31
2019-06-11 09:06:36,471 INFO o.a.j.t.JMeterThread: Thread started: 线程组 1-32
2019-06-11 09:06:36,509 INFO o.a.j.t.JMeterThread: Thread is done: 线程组 1-32
2019-06-11 09:06:36,509 INFO o.a.j.t.JMeterThread: Thread finished: 线程组 1-32
2019-06-11 09:06:36,674 INFO o.a.j.t.JMeterThread: Thread started: 线程组 1-33
2019-06-11 09:06:36,704 INFO o.a.j.t.JMeterThread: Thread is done: 线程组 1-33
2019-06-11 09:06:36,704 INFO o.a.j.t.JMeterThread: Thread finished: 线程组 1-33
2019-06-11 09:06:36,874 INFO o.a.j.t.JMeterThread: Thread started: 线程组 1-34
2019-06-11 09:06:36,906 INFO o.a.j.t.JMeterThread: Thread is done: 线程组 1-34
2019-06-11 09:06:36,906 INFO o.a.j.t.JMeterThread: Thread finished: 线程组 1-34
2019-06-11 09:06:37,075 INFO o.a.j.t.JMeterThread: Thread started: 线程组 1-35
2019-06-11 09:06:37,099 INFO o.a.j.t.JMeterThread: Thread is done: 线程组 1-35
2019-06-11 09:06:37,099 INFO o.a.j.t.JMeterThread: Thread finished: 线程组 1-35
2019-06-11 09:06:37,271 INFO o.a.j.t.JMeterThread: Thread started: 线程组 1-36
2019-06-11 09:06:37,321 INFO o.a.j.t.JMeterThread: Thread is done: 线程组 1-36
2019-06-11 09:06:37,321 INFO o.a.j.t.JMeterThread: Thread finished: 线程组 1-36
2019-06-11 09:06:37,471 INFO o.a.j.t.JMeterThread: Thread started: 线程组 1-37
2019-06-11 09:06:37,511 INFO o.a.j.t.JMeterThread: Thread is done: 线程组 1-37
2019-06-11 09:06:37,512 INFO o.a.j.t.JMeterThread: Thread finished: 线程组 1-37
2019-06-11 09:06:37,672 INFO o.a.j.t.JMeterThread: Thread started: 线程组 1-38
2019-06-11 09:06:37,708 INFO o.a.j.t.JMeterThread: Thread is done: 线程组 1-38
2019-06-11 09:06:37,709 INFO o.a.j.t.JMeterThread: Thread finished: 线程组 1-38
2019-06-11 09:06:37,872 INFO o.a.j.t.JMeterThread: Thread started: 线程组 1-39
2019-06-11 09:06:37,896 INFO o.a.j.t.JMeterThread: Thread is done: 线程组 1-39
2019-06-11 09:06:37,896 INFO o.a.j.t.JMeterThread: Thread finished: 线程组 1-39
2019-06-11 09:06:38,071 INFO o.a.j.t.JMeterThread: Thread started: 线程组 1-40
2019-06-11 09:06:38,095 INFO o.a.j.t.JMeterThread: Thread is done: 线程组 1-40
2019-06-11 09:06:38,095 INFO o.a.j.t.JMeterThread: Thread finished: 线程组 1-40
2019-06-11 09:06:38,272 INFO o.a.j.t.JMeterThread: Thread started: 线程组 1-41
2019-06-11 09:06:38,299 INFO o.a.j.t.JMeterThread: Thread is done: 线程组 1-41
2019-06-11 09:06:38,299 INFO o.a.j.t.JMeterThread: Thread finished: 线程组 1-41
2019-06-11 09:06:38,471 INFO o.a.j.t.JMeterThread: Thread started: 线程组 1-42
2019-06-11 09:06:38,495 INFO o.a.j.t.JMeterThread: Thread is done: 线程组 1-42
2019-06-11 09:06:38,495 INFO o.a.j.t.JMeterThread: Thread finished: 线程组 1-42
2019-06-11 09:06:38,672 INFO o.a.j.t.JMeterThread: Thread started: 线程组 1-43
2019-06-11 09:06:38,692 INFO o.a.j.t.JMeterThread: Thread is done: 线程组 1-43
2019-06-11 09:06:38,692 INFO o.a.j.t.JMeterThread: Thread finished: 线程组 1-43
2019-06-11 09:06:38,872 INFO o.a.j.t.JMeterThread: Thread started: 线程组 1-44
2019-06-11 09:06:38,890 INFO o.a.j.t.JMeterThread: Thread is done: 线程组 1-44
2019-06-11 09:06:38,890 INFO o.a.j.t.JMeterThread: Thread finished: 线程组 1-44
2019-06-11 09:06:39,071 INFO o.a.j.t.JMeterThread: Thread started: 线程组 1-45
2019-06-11 09:06:39,114 INFO o.a.j.t.JMeterThread: Thread is done: 线程组 1-45
2019-06-11 09:06:39,114 INFO o.a.j.t.JMeterThread: Thread finished: 线程组 1-45
2019-06-11 09:06:39,272 INFO o.a.j.t.JMeterThread: Thread started: 线程组 1-46
2019-06-11 09:06:39,296 INFO o.a.j.t.JMeterThread: Thread is done: 线程组 1-46
2019-06-11 09:06:39,296 INFO o.a.j.t.JMeterThread: Thread finished: 线程组 1-46
2019-06-11 09:06:39,471 INFO o.a.j.t.JMeterThread: Thread started: 线程组 1-47
2019-06-11 09:06:39,495 INFO o.a.j.t.JMeterThread: Thread is done: 线程组 1-47
2019-06-11 09:06:39,495 INFO o.a.j.t.JMeterThread: Thread finished: 线程组 1-47
2019-06-11 09:06:39,671 INFO o.a.j.t.JMeterThread: Thread started: 线程组 1-48
2019-06-11 09:06:39,698 INFO o.a.j.t.JMeterThread: Thread is done: 线程组 1-48
2019-06-11 09:06:39,698 INFO o.a.j.t.JMeterThread: Thread finished: 线程组 1-48
2019-06-11 09:06:39,871 INFO o.a.j.t.JMeterThread: Thread started: 线程组 1-49
2019-06-11 09:06:39,921 INFO o.a.j.t.JMeterThread: Thread is done: 线程组 1-49
2019-06-11 09:06:39,921 INFO o.a.j.t.JMeterThread: Thread finished: 线程组 1-49
2019-06-11 09:06:40,073 INFO o.a.j.t.JMeterThread: Thread started: 线程组 1-50
2019-06-11 09:06:40,098 INFO o.a.j.t.JMeterThread: Thread is done: 线程组 1-50
2019-06-11 09:06:40,098 INFO o.a.j.t.JMeterThread: Thread finished: 线程组 1-50
2019-06-11 09:06:40,271 INFO o.a.j.t.JMeterThread: Thread started: 线程组 1-51
2019-06-11 09:06:40,290 INFO o.a.j.t.JMeterThread: Thread is done: 线程组 1-51
2019-06-11 09:06:40,291 INFO o.a.j.t.JMeterThread: Thread finished: 线程组 1-51
2019-06-11 09:06:40,471 INFO o.a.j.t.JMeterThread: Thread started: 线程组 1-52
2019-06-11 09:06:40,499 INFO o.a.j.t.JMeterThread: Thread is done: 线程组 1-52
2019-06-11 09:06:40,499 INFO o.a.j.t.JMeterThread: Thread finished: 线程组 1-52
2019-06-11 09:06:40,671 INFO o.a.j.t.JMeterThread: Thread started: 线程组 1-53
2019-06-11 09:06:40,699 INFO o.a.j.t.JMeterThread: Thread is done: 线程组 1-53
2019-06-11 09:06:40,699 INFO o.a.j.t.JMeterThread: Thread finished: 线程组 1-53
2019-06-11 09:06:40,871 INFO o.a.j.t.JMeterThread: Thread started: 线程组 1-54
2019-06-11 09:06:40,916 INFO o.a.j.t.JMeterThread: Thread is done: 线程组 1-54
2019-06-11 09:06:40,916 INFO o.a.j.t.JMeterThread: Thread finished: 线程组 1-54
2019-06-11 09:06:41,075 INFO o.a.j.t.JMeterThread: Thread started: 线程组 1-55
2019-06-11 09:06:41,150 INFO o.a.j.t.JMeterThread: Thread is done: 线程组 1-55
2019-06-11 09:06:41,150 INFO o.a.j.t.JMeterThread: Thread finished: 线程组 1-55
2019-06-11 09:06:41,272 INFO o.a.j.t.JMeterThread: Thread started: 线程组 1-56
2019-06-11 09:06:41,336 INFO o.a.j.t.JMeterThread: Thread is done: 线程组 1-56
2019-06-11 09:06:41,336 INFO o.a.j.t.JMeterThread: Thread finished: 线程组 1-56
2019-06-11 09:06:41,471 INFO o.a.j.t.JMeterThread: Thread started: 线程组 1-57
2019-06-11 09:06:41,495 INFO o.a.j.t.JMeterThread: Thread is done: 线程组 1-57
2019-06-11 09:06:41,495 INFO o.a.j.t.JMeterThread: Thread finished: 线程组 1-57
2019-06-11 09:06:41,671 INFO o.a.j.t.JMeterThread: Thread started: 线程组 1-58
2019-06-11 09:06:41,702 INFO o.a.j.t.JMeterThread: Thread is done: 线程组 1-58
2019-06-11 09:06:41,702 INFO o.a.j.t.JMeterThread: Thread finished: 线程组 1-58
2019-06-11 09:06:41,871 INFO o.a.j.t.JMeterThread: Thread started: 线程组 1-59
2019-06-11 09:06:41,893 INFO o.a.j.t.JMeterThread: Thread is done: 线程组 1-59
2019-06-11 09:06:41,893 INFO o.a.j.t.JMeterThread: Thread finished: 线程组 1-59
2019-06-11 09:06:42,071 INFO o.a.j.t.JMeterThread: Thread started: 线程组 1-60
2019-06-11 09:06:42,092 INFO o.a.j.t.JMeterThread: Thread is done: 线程组 1-60
2019-06-11 09:06:42,092 INFO o.a.j.t.JMeterThread: Thread finished: 线程组 1-60
2019-06-11 09:06:42,273 INFO o.a.j.t.JMeterThread: Thread started: 线程组 1-61
2019-06-11 09:06:42,296 INFO o.a.j.t.JMeterThread: Thread is done: 线程组 1-61
2019-06-11 09:06:42,297 INFO o.a.j.t.JMeterThread: Thread finished: 线程组 1-61
2019-06-11 09:06:42,473 INFO o.a.j.t.JMeterThread: Thread started: 线程组 1-62
2019-06-11 09:06:42,495 INFO o.a.j.t.JMeterThread: Thread is done: 线程组 1-62
2019-06-11 09:06:42,495 INFO o.a.j.t.JMeterThread: Thread finished: 线程组 1-62
2019-06-11 09:06:42,671 INFO o.a.j.t.JMeterThread: Thread started: 线程组 1-63
2019-06-11 09:06:42,697 INFO o.a.j.t.JMeterThread: Thread is done: 线程组 1-63
2019-06-11 09:06:42,697 INFO o.a.j.t.JMeterThread: Thread finished: 线程组 1-63
2019-06-11 09:06:42,871 INFO o.a.j.t.JMeterThread: Thread started: 线程组 1-64
2019-06-11 09:06:42,892 INFO o.a.j.t.JMeterThread: Thread is done: 线程组 1-64
2019-06-11 09:06:42,892 INFO o.a.j.t.JMeterThread: Thread finished: 线程组 1-64
2019-06-11 09:06:43,072 INFO o.a.j.t.JMeterThread: Thread started: 线程组 1-65
2019-06-11 09:06:43,093 INFO o.a.j.t.JMeterThread: Thread is done: 线程组 1-65
2019-06-11 09:06:43,093 INFO o.a.j.t.JMeterThread: Thread finished: 线程组 1-65
2019-06-11 09:06:43,271 INFO o.a.j.t.JMeterThread: Thread started: 线程组 1-66
2019-06-11 09:06:43,296 INFO o.a.j.t.JMeterThread: Thread is done: 线程组 1-66
2019-06-11 09:06:43,297 INFO o.a.j.t.JMeterThread: Thread finished: 线程组 1-66
2019-06-11 09:06:43,472 INFO o.a.j.t.JMeterThread: Thread started: 线程组 1-67
2019-06-11 09:06:43,492 INFO o.a.j.t.JMeterThread: Thread is done: 线程组 1-67
2019-06-11 09:06:43,493 INFO o.a.j.t.JMeterThread: Thread finished: 线程组 1-67
2019-06-11 09:06:43,672 INFO o.a.j.t.JMeterThread: Thread started: 线程组 1-68
2019-06-11 09:06:43,692 INFO o.a.j.t.JMeterThread: Thread is done: 线程组 1-68
2019-06-11 09:06:43,692 INFO o.a.j.t.JMeterThread: Thread finished: 线程组 1-68
2019-06-11 09:06:43,871 INFO o.a.j.t.JMeterThread: Thread started: 线程组 1-69
2019-06-11 09:06:43,894 INFO o.a.j.t.JMeterThread: Thread is done: 线程组 1-69
2019-06-11 09:06:43,894 INFO o.a.j.t.JMeterThread: Thread finished: 线程组 1-69
2019-06-11 09:06:44,071 INFO o.a.j.t.JMeterThread: Thread started: 线程组 1-70
2019-06-11 09:06:44,100 INFO o.a.j.t.JMeterThread: Thread is done: 线程组 1-70
2019-06-11 09:06:44,100 INFO o.a.j.t.JMeterThread: Thread finished: 线程组 1-70
2019-06-11 09:06:44,271 INFO o.a.j.t.JMeterThread: Thread started: 线程组 1-71
2019-06-11 09:06:44,304 INFO o.a.j.t.JMeterThread: Thread is done: 线程组 1-71
2019-06-11 09:06:44,304 INFO o.a.j.t.JMeterThread: Thread finished: 线程组 1-71
2019-06-11 09:06:44,471 INFO o.a.j.t.JMeterThread: Thread started: 线程组 1-72
2019-06-11 09:06:44,494 INFO o.a.j.t.JMeterThread: Thread is done: 线程组 1-72
2019-06-11 09:06:44,494 INFO o.a.j.t.JMeterThread: Thread finished: 线程组 1-72
2019-06-11 09:06:44,671 INFO o.a.j.t.JMeterThread: Thread started: 线程组 1-73
2019-06-11 09:06:44,693 INFO o.a.j.t.JMeterThread: Thread is done: 线程组 1-73
2019-06-11 09:06:44,693 INFO o.a.j.t.JMeterThread: Thread finished: 线程组 1-73
2019-06-11 09:06:44,872 INFO o.a.j.t.JMeterThread: Thread started: 线程组 1-74
2019-06-11 09:06:44,902 INFO o.a.j.t.JMeterThread: Thread is done: 线程组 1-74
2019-06-11 09:06:44,902 INFO o.a.j.t.JMeterThread: Thread finished: 线程组 1-74
2019-06-11 09:06:45,072 INFO o.a.j.t.JMeterThread: Thread started: 线程组 1-75
2019-06-11 09:06:45,098 INFO o.a.j.t.JMeterThread: Thread is done: 线程组 1-75
2019-06-11 09:06:45,098 INFO o.a.j.t.JMeterThread: Thread finished: 线程组 1-75
2019-06-11 09:06:45,272 INFO o.a.j.t.JMeterThread: Thread started: 线程组 1-76
2019-06-11 09:06:45,294 INFO o.a.j.t.JMeterThread: Thread is done: 线程组 1-76
2019-06-11 09:06:45,294 INFO o.a.j.t.JMeterThread: Thread finished: 线程组 1-76
2019-06-11 09:06:45,471 INFO o.a.j.t.JMeterThread: Thread started: 线程组 1-77
2019-06-11 09:06:45,493 INFO o.a.j.t.JMeterThread: Thread is done: 线程组 1-77
2019-06-11 09:06:45,493 INFO o.a.j.t.JMeterThread: Thread finished: 线程组 1-77
2019-06-11 09:06:45,671 INFO o.a.j.t.JMeterThread: Thread started: 线程组 1-78
2019-06-11 09:06:45,692 INFO o.a.j.t.JMeterThread: Thread is done: 线程组 1-78
2019-06-11 09:06:45,693 INFO o.a.j.t.JMeterThread: Thread finished: 线程组 1-78
2019-06-11 09:06:45,871 INFO o.a.j.t.JMeterThread: Thread started: 线程组 1-79
2019-06-11 09:06:45,889 INFO o.a.j.t.JMeterThread: Thread is done: 线程组 1-79
2019-06-11 09:06:45,889 INFO o.a.j.t.JMeterThread: Thread finished: 线程组 1-79
2019-06-11 09:06:46,072 INFO o.a.j.t.JMeterThread: Thread started: 线程组 1-80
2019-06-11 09:06:46,097 INFO o.a.j.t.JMeterThread: Thread is done: 线程组 1-80
2019-06-11 09:06:46,097 INFO o.a.j.t.JMeterThread: Thread finished: 线程组 1-80
2019-06-11 09:06:46,271 INFO o.a.j.t.JMeterThread: Thread started: 线程组 1-81
2019-06-11 09:06:46,297 INFO o.a.j.t.JMeterThread: Thread is done: 线程组 1-81
2019-06-11 09:06:46,297 INFO o.a.j.t.JMeterThread: Thread finished: 线程组 1-81
2019-06-11 09:06:46,472 INFO o.a.j.t.JMeterThread: Thread started: 线程组 1-82
2019-06-11 09:06:46,492 INFO o.a.j.t.JMeterThread: Thread is done: 线程组 1-82
2019-06-11 09:06:46,492 INFO o.a.j.t.JMeterThread: Thread finished: 线程组 1-82
2019-06-11 09:06:46,672 INFO o.a.j.t.JMeterThread: Thread started: 线程组 1-83
2019-06-11 09:06:46,695 INFO o.a.j.t.JMeterThread: Thread is done: 线程组 1-83
2019-06-11 09:06:46,695 INFO o.a.j.t.JMeterThread: Thread finished: 线程组 1-83
2019-06-11 09:06:46,871 INFO o.a.j.t.JMeterThread: Thread started: 线程组 1-84
2019-06-11 09:06:46,892 INFO o.a.j.t.JMeterThread: Thread is done: 线程组 1-84
2019-06-11 09:06:46,892 INFO o.a.j.t.JMeterThread: Thread finished: 线程组 1-84
2019-06-11 09:06:47,071 INFO o.a.j.t.JMeterThread: Thread started: 线程组 1-85
2019-06-11 09:06:47,093 INFO o.a.j.t.JMeterThread: Thread is done: 线程组 1-85
2019-06-11 09:06:47,093 INFO o.a.j.t.JMeterThread: Thread finished: 线程组 1-85
2019-06-11 09:06:47,271 INFO o.a.j.t.JMeterThread: Thread started: 线程组 1-86
2019-06-11 09:06:47,301 INFO o.a.j.t.JMeterThread: Thread is done: 线程组 1-86
2019-06-11 09:06:47,301 INFO o.a.j.t.JMeterThread: Thread finished: 线程组 1-86
2019-06-11 09:06:47,471 INFO o.a.j.t.JMeterThread: Thread started: 线程组 1-87
2019-06-11 09:06:47,494 INFO o.a.j.t.JMeterThread: Thread is done: 线程组 1-87
2019-06-11 09:06:47,494 INFO o.a.j.t.JMeterThread: Thread finished: 线程组 1-87
2019-06-11 09:06:47,671 INFO o.a.j.t.JMeterThread: Thread started: 线程组 1-88
2019-06-11 09:06:47,694 INFO o.a.j.t.JMeterThread: Thread is done: 线程组 1-88
2019-06-11 09:06:47,694 INFO o.a.j.t.JMeterThread: Thread finished: 线程组 1-88
2019-06-11 09:06:47,871 INFO o.a.j.t.JMeterThread: Thread started: 线程组 1-89
2019-06-11 09:06:47,893 INFO o.a.j.t.JMeterThread: Thread is done: 线程组 1-89
2019-06-11 09:06:47,893 INFO o.a.j.t.JMeterThread: Thread finished: 线程组 1-89
2019-06-11 09:06:48,072 INFO o.a.j.t.JMeterThread: Thread started: 线程组 1-90
2019-06-11 09:06:48,096 INFO o.a.j.t.JMeterThread: Thread is done: 线程组 1-90
2019-06-11 09:06:48,096 INFO o.a.j.t.JMeterThread: Thread finished: 线程组 1-90
2019-06-11 09:06:48,273 INFO o.a.j.t.JMeterThread: Thread started: 线程组 1-91
2019-06-11 09:06:48,295 INFO o.a.j.t.JMeterThread: Thread is done: 线程组 1-91
2019-06-11 09:06:48,296 INFO o.a.j.t.JMeterThread: Thread finished: 线程组 1-91
2019-06-11 09:06:48,472 INFO o.a.j.t.JMeterThread: Thread started: 线程组 1-92
2019-06-11 09:06:48,505 INFO o.a.j.t.JMeterThread: Thread is done: 线程组 1-92
2019-06-11 09:06:48,506 INFO o.a.j.t.JMeterThread: Thread finished: 线程组 1-92
2019-06-11 09:06:48,671 INFO o.a.j.t.JMeterThread: Thread started: 线程组 1-93
2019-06-11 09:06:48,693 INFO o.a.j.t.JMeterThread: Thread is done: 线程组 1-93
2019-06-11 09:06:48,693 INFO o.a.j.t.JMeterThread: Thread finished: 线程组 1-93
2019-06-11 09:06:48,872 INFO o.a.j.t.JMeterThread: Thread started: 线程组 1-94
2019-06-11 09:06:48,893 INFO o.a.j.t.JMeterThread: Thread is done: 线程组 1-94
2019-06-11 09:06:48,893 INFO o.a.j.t.JMeterThread: Thread finished: 线程组 1-94
2019-06-11 09:06:49,071 INFO o.a.j.t.JMeterThread: Thread started: 线程组 1-95
2019-06-11 09:06:49,094 INFO o.a.j.t.JMeterThread: Thread is done: 线程组 1-95
2019-06-11 09:06:49,094 INFO o.a.j.t.JMeterThread: Thread finished: 线程组 1-95
2019-06-11 09:06:49,272 INFO o.a.j.t.JMeterThread: Thread started: 线程组 1-96
2019-06-11 09:06:49,300 INFO o.a.j.t.JMeterThread: Thread is done: 线程组 1-96
2019-06-11 09:06:49,301 INFO o.a.j.t.JMeterThread: Thread finished: 线程组 1-96
2019-06-11 09:06:49,472 INFO o.a.j.t.JMeterThread: Thread started: 线程组 1-97
2019-06-11 09:06:49,498 INFO o.a.j.t.JMeterThread: Thread is done: 线程组 1-97
2019-06-11 09:06:49,498 INFO o.a.j.t.JMeterThread: Thread finished: 线程组 1-97
2019-06-11 09:06:49,671 INFO o.a.j.t.JMeterThread: Thread started: 线程组 1-98
2019-06-11 09:06:49,693 INFO o.a.j.t.JMeterThread: Thread is done: 线程组 1-98
2019-06-11 09:06:49,698 INFO o.a.j.t.JMeterThread: Thread finished: 线程组 1-98
2019-06-11 09:06:49,871 INFO o.a.j.t.JMeterThread: Thread started: 线程组 1-99
2019-06-11 09:06:49,893 INFO o.a.j.t.JMeterThread: Thread is done: 线程组 1-99
2019-06-11 09:06:49,893 INFO o.a.j.t.JMeterThread: Thread finished: 线程组 1-99
2019-06-11 09:06:50,071 INFO o.a.j.t.JMeterThread: Thread started: 线程组 1-100
2019-06-11 09:06:50,089 INFO o.a.j.t.JMeterThread: Thread is done: 线程组 1-100
2019-06-11 09:06:50,089 INFO o.a.j.t.JMeterThread: Thread finished: 线程组 1-100
2019-06-11 09:06:50,089 INFO o.a.j.e.StandardJMeterEngine: Notifying test listeners of end of test
2019-06-11 09:06:50,089 INFO o.a.j.g.u.JMeterMenuBar: setRunning(false, *local*)
2019-06-11 09:08:28,702 INFO o.a.j.s.FileServer: Set new base='/home/battlecall/IdeaProjects/cxf'
